{"C:\\Users\\ypa\\Desktop\\ReactRS\\React2026Q2_tasks\\src\\App.tsx": {"path":"C:\\Users\\ypa\\Desktop\\ReactRS\\React2026Q2_tasks\\src\\App.tsx","statementMap":{"0":{"start":{"line":20,"column":23},"end":{"line":20,"column":null}},"1":{"start":{"line":23,"column":23},"end":{"line":23,"column":59}},"2":{"start":{"line":24,"column":23},"end":{"line":24,"column":54}},"3":{"start":{"line":25,"column":22},"end":{"line":25,"column":null}},"4":{"start":{"line":27,"column":27},"end":{"line":27,"column":78}},"5":{"start":{"line":29,"column":16},"end":{"line":29,"column":35}},"6":{"start":{"line":30,"column":21},"end":{"line":30,"column":null}},"7":{"start":{"line":31,"column":21},"end":{"line":31,"column":72}},"8":{"start":{"line":33,"column":18},"end":{"line":33,"column":null}},"9":{"start":{"line":34,"column":23},"end":{"line":38,"column":null}},"10":{"start":{"line":40,"column":8},"end":{"line":47,"column":null}},"11":{"start":{"line":42,"column":6},"end":{"line":42,"column":null}},"12":{"start":{"line":43,"column":24},"end":{"line":43,"column":45}},"13":{"start":{"line":44,"column":6},"end":{"line":44,"column":null}},"14":{"start":{"line":45,"column":6},"end":{"line":45,"column":null}},"15":{"start":{"line":50,"column":8},"end":{"line":54,"column":null}},"16":{"start":{"line":52,"column":6},"end":{"line":52,"column":null}},"17":{"start":{"line":57,"column":8},"end":{"line":63,"column":null}},"18":{"start":{"line":59,"column":24},"end":{"line":59,"column":57}},"19":{"start":{"line":60,"column":6},"end":{"line":60,"column":null}},"20":{"start":{"line":61,"column":6},"end":{"line":61,"column":null}},"21":{"start":{"line":66,"column":2},"end":{"line":90,"column":null}},"22":{"start":{"line":96,"column":8},"end":{"line":96,"column":56}},"23":{"start":{"line":96,"column":42},"end":{"line":96,"column":56}},"24":{"start":{"line":97,"column":8},"end":{"line":97,"column":54}},"25":{"start":{"line":97,"column":41},"end":{"line":97,"column":54}},"26":{"start":{"line":99,"column":2},"end":{"line":103,"column":null}},"27":{"start":{"line":100,"column":4},"end":{"line":103,"column":null}},"28":{"start":{"line":107,"column":2},"end":{"line":183,"column":null}},"29":{"start":{"line":118,"column":10},"end":{"line":181,"column":null}},"30":{"start":{"line":132,"column":14},"end":{"line":133,"column":null}},"31":{"start":{"line":133,"column":16},"end":{"line":133,"column":null}},"32":{"start":{"line":189,"column":17},"end":{"line":189,"column":43}},"33":{"start":{"line":190,"column":29},"end":{"line":190,"column":69}},"34":{"start":{"line":191,"column":25},"end":{"line":191,"column":61}},"35":{"start":{"line":193,"column":2},"end":{"line":259,"column":null}},"36":{"start":{"line":199,"column":25},"end":{"line":199,"column":52}},"37":{"start":{"line":215,"column":25},"end":{"line":215,"column":48}},"38":{"start":{"line":241,"column":23},"end":{"line":241,"column":null}},"39":{"start":{"line":245,"column":23},"end":{"line":245,"column":null}}},"fnMap":{"0":{"name":"HomeLayout","decl":{"start":{"line":22,"column":9},"end":{"line":22,"column":22}},"loc":{"start":{"line":22,"column":22},"end":{"line":90,"column":null}},"line":22},"1":{"name":"(anonymous_1)","decl":{"start":{"line":40,"column":23},"end":{"line":40,"column":null}},"loc":{"start":{"line":41,"column":22},"end":{"line":47,"column":5}},"line":41},"2":{"name":"(anonymous_2)","decl":{"start":{"line":50,"column":30},"end":{"line":50,"column":null}},"loc":{"start":{"line":51,"column":22},"end":{"line":54,"column":6}},"line":51},"3":{"name":"(anonymous_3)","decl":{"start":{"line":57,"column":27},"end":{"line":57,"column":null}},"loc":{"start":{"line":58,"column":25},"end":{"line":63,"column":5}},"line":58},"4":{"name":"SubmissionsDisplay","decl":{"start":{"line":95,"column":9},"end":{"line":95,"column":30}},"loc":{"start":{"line":95,"column":30},"end":{"line":183,"column":null}},"line":95},"5":{"name":"(anonymous_5)","decl":{"start":{"line":96,"column":22},"end":{"line":96,"column":36}},"loc":{"start":{"line":96,"column":42},"end":{"line":96,"column":56}},"line":96},"6":{"name":"(anonymous_6)","decl":{"start":{"line":97,"column":21},"end":{"line":97,"column":35}},"loc":{"start":{"line":97,"column":41},"end":{"line":97,"column":54}},"line":97},"7":{"name":"(anonymous_7)","decl":{"start":{"line":117,"column":21},"end":{"line":117,"column":26}},"loc":{"start":{"line":118,"column":10},"end":{"line":181,"column":null}},"line":118},"8":{"name":"(anonymous_8)","decl":{"start":{"line":131,"column":12},"end":{"line":131,"column":35}},"loc":{"start":{"line":131,"column":35},"end":{"line":133,"column":null}},"line":131},"9":{"name":"App","decl":{"start":{"line":188,"column":9},"end":{"line":188,"column":15}},"loc":{"start":{"line":188,"column":15},"end":{"line":259,"column":null}},"line":188},"10":{"name":"(anonymous_10)","decl":{"start":{"line":199,"column":10},"end":{"line":199,"column":25}},"loc":{"start":{"line":199,"column":25},"end":{"line":199,"column":52}},"line":199},"11":{"name":"(anonymous_11)","decl":{"start":{"line":215,"column":10},"end":{"line":215,"column":25}},"loc":{"start":{"line":215,"column":25},"end":{"line":215,"column":48}},"line":215},"12":{"name":"(anonymous_12)","decl":{"start":{"line":241,"column":8},"end":{"line":241,"column":23}},"loc":{"start":{"line":241,"column":23},"end":{"line":241,"column":null}},"line":241},"13":{"name":"(anonymous_13)","decl":{"start":{"line":245,"column":8},"end":{"line":245,"column":23}},"loc":{"start":{"line":245,"column":23},"end":{"line":245,"column":null}},"line":245}},"branchMap":{"0":{"loc":{"start":{"line":25,"column":22},"end":{"line":25,"column":null}},"type":"binary-expr","locations":[{"start":{"line":25,"column":22},"end":{"line":25,"column":54}},{"start":{"line":25,"column":58},"end":{"line":25,"column":null}}],"line":25},"1":{"loc":{"start":{"line":29,"column":16},"end":{"line":29,"column":35}},"type":"binary-expr","locations":[{"start":{"line":29,"column":16},"end":{"line":29,"column":33}},{"start":{"line":29,"column":33},"end":{"line":29,"column":35}}],"line":29},"2":{"loc":{"start":{"line":30,"column":21},"end":{"line":30,"column":null}},"type":"binary-expr","locations":[{"start":{"line":30,"column":21},"end":{"line":30,"column":36}},{"start":{"line":30,"column":36},"end":{"line":30,"column":null}}],"line":30},"3":{"loc":{"start":{"line":34,"column":23},"end":{"line":38,"column":null}},"type":"cond-expr","locations":[{"start":{"line":35,"column":6},"end":{"line":35,"column":null}},{"start":{"line":36,"column":6},"end":{"line":38,"column":null}}],"line":34},"4":{"loc":{"start":{"line":36,"column":6},"end":{"line":38,"column":null}},"type":"cond-expr","locations":[{"start":{"line":37,"column":8},"end":{"line":37,"column":21}},{"start":{"line":38,"column":8},"end":{"line":38,"column":null}}],"line":36},"5":{"loc":{"start":{"line":79,"column":11},"end":{"line":84,"column":null}},"type":"binary-expr","locations":[{"start":{"line":79,"column":11},"end":{"line":79,"column":23}},{"start":{"line":79,"column":23},"end":{"line":79,"column":40}},{"start":{"line":79,"column":40},"end":{"line":79,"column":null}},{"start":{"line":80,"column":12},"end":{"line":84,"column":null}}],"line":79},"6":{"loc":{"start":{"line":99,"column":2},"end":{"line":103,"column":null}},"type":"if","locations":[{"start":{"line":99,"column":2},"end":{"line":103,"column":null}},{"start":{},"end":{}}],"line":99},"7":{"loc":{"start":{"line":121,"column":22},"end":{"line":123,"column":null}},"type":"cond-expr","locations":[{"start":{"line":122,"column":18},"end":{"line":122,"column":null}},{"start":{"line":123,"column":18},"end":{"line":123,"column":null}}],"line":121},"8":{"loc":{"start":{"line":126,"column":31},"end":{"line":128,"column":null}},"type":"cond-expr","locations":[{"start":{"line":127,"column":18},"end":{"line":127,"column":null}},{"start":{"line":128,"column":18},"end":{"line":128,"column":null}}],"line":126},"9":{"loc":{"start":{"line":132,"column":14},"end":{"line":133,"column":null}},"type":"if","locations":[{"start":{"line":132,"column":14},"end":{"line":133,"column":null}},{"start":{},"end":{}}],"line":132},"10":{"loc":{"start":{"line":137,"column":13},"end":{"line":148,"column":null}},"type":"binary-expr","locations":[{"start":{"line":137,"column":13},"end":{"line":137,"column":null}},{"start":{"line":138,"column":14},"end":{"line":148,"column":null}}],"line":137},"11":{"loc":{"start":{"line":165,"column":13},"end":{"line":179,"column":null}},"type":"binary-expr","locations":[{"start":{"line":165,"column":13},"end":{"line":165,"column":null}},{"start":{"line":166,"column":14},"end":{"line":179,"column":null}}],"line":165},"12":{"loc":{"start":{"line":233,"column":35},"end":{"line":233,"column":72}},"type":"cond-expr","locations":[{"start":{"line":233,"column":55},"end":{"line":233,"column":64}},{"start":{"line":233,"column":64},"end":{"line":233,"column":72}}],"line":233},"13":{"loc":{"start":{"line":235,"column":11},"end":{"line":235,"column":null}},"type":"cond-expr","locations":[{"start":{"line":235,"column":31},"end":{"line":235,"column":43}},{"start":{"line":235,"column":43},"end":{"line":235,"column":null}}],"line":235}},"s":{"0":1,"1":46,"2":46,"3":46,"4":46,"5":46,"6":46,"7":46,"8":46,"9":46,"10":46,"11":3,"12":3,"13":3,"14":3,"15":46,"16":16,"17":46,"18":0,"19":0,"20":0,"21":46,"22":13,"23":39,"24":13,"25":39,"26":13,"27":13,"28":0,"29":0,"30":0,"31":0,"32":14,"33":14,"34":14,"35":14,"36":0,"37":0,"38":0,"39":0},"f":{"0":46,"1":3,"2":16,"3":0,"4":13,"5":39,"6":39,"7":0,"8":0,"9":14,"10":0,"11":0,"12":0,"13":0},"b":{"0":[46,21],"1":[46,24],"2":[46,24],"3":[2,43],"4":[0,43],"5":[46,23,21,9],"6":[13,0],"7":[0,0],"8":[0,0],"9":[0,0],"10":[0,0],"11":[0,0],"12":[13,0],"13":[13,0]},"meta":{"lastBranch":14,"lastFunction":14,"lastStatement":40,"seen":{"s:20:23:20:Infinity":0,"f:22:9:22:22":0,"s:23:23:23:59":1,"s:24:23:24:54":2,"s:25:22:25:Infinity":3,"b:25:22:25:54:25:58:25:Infinity":0,"s:27:27:27:78":4,"s:29:16:29:35":5,"b:29:16:29:33:29:33:29:35":1,"s:30:21:30:Infinity":6,"b:30:21:30:36:30:36:30:Infinity":2,"s:31:21:31:72":7,"s:33:18:33:Infinity":8,"s:34:23:38:Infinity":9,"b:35:6:35:Infinity:36:6:38:Infinity":3,"b:37:8:37:21:38:8:38:Infinity":4,"s:40:8:47:Infinity":10,"f:40:23:40:Infinity":1,"s:42:6:42:Infinity":11,"s:43:24:43:45":12,"s:44:6:44:Infinity":13,"s:45:6:45:Infinity":14,"s:50:8:54:Infinity":15,"f:50:30:50:Infinity":2,"s:52:6:52:Infinity":16,"s:57:8:63:Infinity":17,"f:57:27:57:Infinity":3,"s:59:24:59:57":18,"s:60:6:60:Infinity":19,"s:61:6:61:Infinity":20,"s:66:2:90:Infinity":21,"b:79:11:79:23:79:23:79:40:79:40:79:Infinity:80:12:84:Infinity":5,"f:95:9:95:30":4,"s:96:8:96:56":22,"f:96:22:96:36":5,"s:96:42:96:56":23,"s:97:8:97:54":24,"f:97:21:97:35":6,"s:97:41:97:54":25,"b:99:2:103:Infinity:undefined:undefined:undefined:undefined":6,"s:99:2:103:Infinity":26,"s:100:4:103:Infinity":27,"s:107:2:183:Infinity":28,"f:117:21:117:26":7,"s:118:10:181:Infinity":29,"b:122:18:122:Infinity:123:18:123:Infinity":7,"b:127:18:127:Infinity:128:18:128:Infinity":8,"f:131:12:131:35":8,"b:132:14:133:Infinity:undefined:undefined:undefined:undefined":9,"s:132:14:133:Infinity":30,"s:133:16:133:Infinity":31,"b:137:13:137:Infinity:138:14:148:Infinity":10,"b:165:13:165:Infinity:166:14:179:Infinity":11,"f:188:9:188:15":9,"s:189:17:189:43":32,"s:190:29:190:69":33,"s:191:25:191:61":34,"s:193:2:259:Infinity":35,"f:199:10:199:25":10,"s:199:25:199:52":36,"f:215:10:215:25":11,"s:215:25:215:48":37,"b:233:55:233:64:233:64:233:72":12,"b:235:31:235:43:235:43:235:Infinity":13,"f:241:8:241:23":12,"s:241:23:241:Infinity":38,"f:245:8:245:23":13,"s:245:23:245:Infinity":39}}}
,"C:\\Users\\ypa\\Desktop\\ReactRS\\React2026Q2_tasks\\src\\api\\queryClient.ts": {"path":"C:\\Users\\ypa\\Desktop\\ReactRS\\React2026Q2_tasks\\src\\api\\queryClient.ts","statementMap":{"0":{"start":{"line":3,"column":18},"end":{"line":3,"column":null}},"1":{"start":{"line":5,"column":27},"end":{"line":14,"column":2}}},"fnMap":{},"branchMap":{"0":{"loc":{"start":{"line":3,"column":18},"end":{"line":3,"column":null}},"type":"binary-expr","locations":[{"start":{"line":3,"column":18},"end":{"line":3,"column":56}},{"start":{"line":3,"column":60},"end":{"line":3,"column":null}}],"line":3}},"s":{"0":2,"1":2},"f":{},"b":{"0":[2,1]},"meta":{"lastBranch":1,"lastFunction":0,"lastStatement":2,"seen":{"s:3:18:3:Infinity":0,"b:3:18:3:56:3:60:3:Infinity":0,"s:5:27:14:2":1}}}
,"C:\\Users\\ypa\\Desktop\\ReactRS\\React2026Q2_tasks\\src\\components\\ErrorBoundary\\ErrorBoundary.tsx": {"path":"C:\\Users\\ypa\\Desktop\\ReactRS\\React2026Q2_tasks\\src\\components\\ErrorBoundary\\ErrorBoundary.tsx","statementMap":{"0":{"start":{"line":35,"column":2},"end":{"line":36,"column":null}},"1":{"start":{"line":16,"column":4},"end":{"line":16,"column":null}},"2":{"start":{"line":17,"column":4},"end":{"line":20,"column":null}},"3":{"start":{"line":24,"column":4},"end":{"line":27,"column":null}},"4":{"start":{"line":31,"column":4},"end":{"line":31,"column":null}},"5":{"start":{"line":32,"column":4},"end":{"line":32,"column":null}},"6":{"start":{"line":36,"column":4},"end":{"line":36,"column":null}},"7":{"start":{"line":40,"column":4},"end":{"line":52,"column":null}},"8":{"start":{"line":41,"column":6},"end":{"line":52,"column":null}},"9":{"start":{"line":56,"column":4},"end":{"line":56,"column":null}}},"fnMap":{"0":{"name":"(anonymous_0)","decl":{"start":{"line":15,"column":2},"end":{"line":15,"column":14}},"loc":{"start":{"line":15,"column":41},"end":{"line":20,"column":null}},"line":15},"1":{"name":"(anonymous_1)","decl":{"start":{"line":23,"column":9},"end":{"line":23,"column":34}},"loc":{"start":{"line":23,"column":68},"end":{"line":27,"column":null}},"line":23},"2":{"name":"(anonymous_2)","decl":{"start":{"line":30,"column":2},"end":{"line":30,"column":20}},"loc":{"start":{"line":30,"column":62},"end":{"line":32,"column":null}},"line":30},"3":{"name":"(anonymous_3)","decl":{"start":{"line":35,"column":2},"end":{"line":35,"column":22}},"loc":{"start":{"line":35,"column":22},"end":{"line":36,"column":null}},"line":35},"4":{"name":"(anonymous_4)","decl":{"start":{"line":39,"column":2},"end":{"line":39,"column":11}},"loc":{"start":{"line":39,"column":11},"end":{"line":56,"column":null}},"line":39}},"branchMap":{"0":{"loc":{"start":{"line":40,"column":4},"end":{"line":52,"column":null}},"type":"if","locations":[{"start":{"line":40,"column":4},"end":{"line":52,"column":null}},{"start":{},"end":{}}],"line":40},"1":{"loc":{"start":{"line":46,"column":15},"end":{"line":46,"column":null}},"type":"binary-expr","locations":[{"start":{"line":46,"column":15},"end":{"line":46,"column":44}},{"start":{"line":46,"column":44},"end":{"line":46,"column":null}}],"line":46}},"s":{"0":1,"1":24,"2":24,"3":10,"4":5,"5":5,"6":1,"7":33,"8":10,"9":23},"f":{"0":24,"1":2,"2":5,"3":1,"4":33},"b":{"0":[10,23],"1":[10,2]},"meta":{"lastBranch":2,"lastFunction":5,"lastStatement":10,"seen":{"s:35:2:36:Infinity":0,"f:15:2:15:14":0,"s:16:4:16:Infinity":1,"s:17:4:20:Infinity":2,"f:23:9:23:34":1,"s:24:4:27:Infinity":3,"f:30:2:30:20":2,"s:31:4:31:Infinity":4,"s:32:4:32:Infinity":5,"f:35:2:35:22":3,"s:36:4:36:Infinity":6,"f:39:2:39:11":4,"b:40:4:52:Infinity:undefined:undefined:undefined:undefined":0,"s:40:4:52:Infinity":7,"s:41:6:52:Infinity":8,"b:46:15:46:44:46:44:46:Infinity":1,"s:56:4:56:Infinity":9}}}
,"C:\\Users\\ypa\\Desktop\\ReactRS\\React2026Q2_tasks\\src\\components\\ErrorButton\\ErrorButton.tsx": {"path":"C:\\Users\\ypa\\Desktop\\ReactRS\\React2026Q2_tasks\\src\\components\\ErrorButton\\ErrorButton.tsx","statementMap":{"0":{"start":{"line":5,"column":22},"end":{"line":5,"column":55}},"1":{"start":{"line":7,"column":8},"end":{"line":8,"column":null}},"2":{"start":{"line":8,"column":4},"end":{"line":8,"column":null}},"3":{"start":{"line":11,"column":2},"end":{"line":12,"column":null}},"4":{"start":{"line":12,"column":4},"end":{"line":12,"column":null}},"5":{"start":{"line":15,"column":2},"end":{"line":18,"column":null}}},"fnMap":{"0":{"name":"ErrorButton","decl":{"start":{"line":4,"column":9},"end":{"line":4,"column":23}},"loc":{"start":{"line":4,"column":23},"end":{"line":18,"column":null}},"line":4},"1":{"name":"(anonymous_1)","decl":{"start":{"line":7,"column":8},"end":{"line":7,"column":28}},"loc":{"start":{"line":7,"column":28},"end":{"line":8,"column":null}},"line":7}},"branchMap":{"0":{"loc":{"start":{"line":11,"column":2},"end":{"line":12,"column":null}},"type":"if","locations":[{"start":{"line":11,"column":2},"end":{"line":12,"column":null}},{"start":{},"end":{}}],"line":11}},"s":{"0":40,"1":40,"2":2,"3":40,"4":4,"5":34},"f":{"0":40,"1":2},"b":{"0":[4,36]},"meta":{"lastBranch":1,"lastFunction":2,"lastStatement":6,"seen":{"f:4:9:4:23":0,"s:5:22:5:55":0,"s:7:8:8:Infinity":1,"f:7:8:7:28":1,"s:8:4:8:Infinity":2,"b:11:2:12:Infinity:undefined:undefined:undefined:undefined":0,"s:11:2:12:Infinity":3,"s:12:4:12:Infinity":4,"s:15:2:18:Infinity":5}}}
,"C:\\Users\\ypa\\Desktop\\ReactRS\\React2026Q2_tasks\\src\\components\\Flyout\\Flyout.tsx": {"path":"C:\\Users\\ypa\\Desktop\\ReactRS\\React2026Q2_tasks\\src\\components\\Flyout\\Flyout.tsx","statementMap":{"0":{"start":{"line":5,"column":8},"end":{"line":5,"column":77}},"1":{"start":{"line":5,"column":57},"end":{"line":5,"column":77}},"2":{"start":{"line":6,"column":8},"end":{"line":6,"column":73}},"3":{"start":{"line":6,"column":55},"end":{"line":6,"column":73}},"4":{"start":{"line":8,"column":24},"end":{"line":8,"column":null}},"5":{"start":{"line":10,"column":2},"end":{"line":11,"column":null}},"6":{"start":{"line":11,"column":4},"end":{"line":11,"column":null}},"7":{"start":{"line":14,"column":8},"end":{"line":27,"column":null}},"8":{"start":{"line":15,"column":22},"end":{"line":15,"column":null}},"9":{"start":{"line":16,"column":20},"end":{"line":17,"column":null}},"10":{"start":{"line":17,"column":16},"end":{"line":17,"column":null}},"11":{"start":{"line":19,"column":23},"end":{"line":19,"column":57}},"12":{"start":{"line":21,"column":17},"end":{"line":21,"column":76}},"13":{"start":{"line":22,"column":16},"end":{"line":22,"column":41}},"14":{"start":{"line":23,"column":17},"end":{"line":23,"column":44}},"15":{"start":{"line":24,"column":4},"end":{"line":24,"column":null}},"16":{"start":{"line":25,"column":4},"end":{"line":25,"column":null}},"17":{"start":{"line":26,"column":4},"end":{"line":26,"column":null}},"18":{"start":{"line":27,"column":4},"end":{"line":27,"column":null}},"19":{"start":{"line":30,"column":2},"end":{"line":41,"column":null}}},"fnMap":{"0":{"name":"Flyout","decl":{"start":{"line":4,"column":9},"end":{"line":4,"column":18}},"loc":{"start":{"line":4,"column":18},"end":{"line":41,"column":null}},"line":4},"1":{"name":"(anonymous_1)","decl":{"start":{"line":5,"column":24},"end":{"line":5,"column":47}},"loc":{"start":{"line":5,"column":57},"end":{"line":5,"column":77}},"line":5},"2":{"name":"(anonymous_2)","decl":{"start":{"line":6,"column":22},"end":{"line":6,"column":45}},"loc":{"start":{"line":6,"column":55},"end":{"line":6,"column":73}},"line":6},"3":{"name":"(anonymous_3)","decl":{"start":{"line":14,"column":8},"end":{"line":14,"column":31}},"loc":{"start":{"line":14,"column":31},"end":{"line":27,"column":null}},"line":14},"4":{"name":"(anonymous_4)","decl":{"start":{"line":16,"column":34},"end":{"line":16,"column":null}},"loc":{"start":{"line":17,"column":16},"end":{"line":17,"column":null}},"line":17}},"branchMap":{"0":{"loc":{"start":{"line":10,"column":2},"end":{"line":11,"column":null}},"type":"if","locations":[{"start":{"line":10,"column":2},"end":{"line":11,"column":null}},{"start":{},"end":{}}],"line":10},"1":{"loc":{"start":{"line":33,"column":29},"end":{"line":33,"column":60}},"type":"cond-expr","locations":[{"start":{"line":33,"column":51},"end":{"line":33,"column":57}},{"start":{"line":33,"column":57},"end":{"line":33,"column":60}}],"line":33}},"s":{"0":41,"1":127,"2":41,"3":127,"4":41,"5":41,"6":34,"7":7,"8":2,"9":2,"10":3,"11":2,"12":2,"13":2,"14":2,"15":2,"16":2,"17":2,"18":2,"19":7},"f":{"0":41,"1":127,"2":127,"3":2,"4":3},"b":{"0":[34,7],"1":[3,4]},"meta":{"lastBranch":2,"lastFunction":5,"lastStatement":20,"seen":{"f:4:9:4:18":0,"s:5:8:5:77":0,"f:5:24:5:47":1,"s:5:57:5:77":1,"s:6:8:6:73":2,"f:6:22:6:45":2,"s:6:55:6:73":3,"s:8:24:8:Infinity":4,"b:10:2:11:Infinity:undefined:undefined:undefined:undefined":0,"s:10:2:11:Infinity":5,"s:11:4:11:Infinity":6,"s:14:8:27:Infinity":7,"f:14:8:14:31":3,"s:15:22:15:Infinity":8,"s:16:20:17:Infinity":9,"f:16:34:16:Infinity":4,"s:17:16:17:Infinity":10,"s:19:23:19:57":11,"s:21:17:21:76":12,"s:22:16:22:41":13,"s:23:17:23:44":14,"s:24:4:24:Infinity":15,"s:25:4:25:Infinity":16,"s:26:4:26:Infinity":17,"s:27:4:27:Infinity":18,"s:30:2:41:Infinity":19,"b:33:51:33:57:33:57:33:60":1}}}
,"C:\\Users\\ypa\\Desktop\\ReactRS\\React2026Q2_tasks\\src\\components\\HookForm\\HookForm.tsx": {"path":"C:\\Users\\ypa\\Desktop\\ReactRS\\React2026Q2_tasks\\src\\components\\HookForm\\HookForm.tsx","statementMap":{"0":{"start":{"line":15,"column":23},"end":{"line":15,"column":71}},"1":{"start":{"line":16,"column":8},"end":{"line":16,"column":60}},"2":{"start":{"line":16,"column":44},"end":{"line":16,"column":60}},"3":{"start":{"line":17,"column":8},"end":{"line":17,"column":52}},"4":{"start":{"line":17,"column":40},"end":{"line":17,"column":52}},"5":{"start":{"line":25,"column":25},"end":{"line":40,"column":4}},"6":{"start":{"line":42,"column":8},"end":{"line":42,"column":76}},"7":{"start":{"line":44,"column":8},"end":{"line":46,"column":null}},"8":{"start":{"line":45,"column":4},"end":{"line":45,"column":null}},"9":{"start":{"line":46,"column":4},"end":{"line":46,"column":null}},"10":{"start":{"line":49,"column":8},"end":{"line":51,"column":null}},"11":{"start":{"line":50,"column":4},"end":{"line":50,"column":null}},"12":{"start":{"line":51,"column":4},"end":{"line":51,"column":null}},"13":{"start":{"line":54,"column":19},"end":{"line":81,"column":null}},"14":{"start":{"line":55,"column":4},"end":{"line":60,"column":null}},"15":{"start":{"line":56,"column":6},"end":{"line":59,"column":null}},"16":{"start":{"line":60,"column":6},"end":{"line":60,"column":null}},"17":{"start":{"line":63,"column":37},"end":{"line":63,"column":null}},"18":{"start":{"line":64,"column":4},"end":{"line":65,"column":null}},"19":{"start":{"line":65,"column":6},"end":{"line":65,"column":null}},"20":{"start":{"line":68,"column":4},"end":{"line":78,"column":null}},"21":{"start":{"line":80,"column":4},"end":{"line":80,"column":null}},"22":{"start":{"line":81,"column":4},"end":{"line":81,"column":null}},"23":{"start":{"line":84,"column":8},"end":{"line":89,"column":null}},"24":{"start":{"line":85,"column":17},"end":{"line":85,"column":null}},"25":{"start":{"line":86,"column":4},"end":{"line":89,"column":null}},"26":{"start":{"line":87,"column":6},"end":{"line":87,"column":null}},"27":{"start":{"line":89,"column":6},"end":{"line":89,"column":null}},"28":{"start":{"line":93,"column":2},"end":{"line":231,"column":null}},"29":{"start":{"line":148,"column":14},"end":{"line":148,"column":null}},"30":{"start":{"line":149,"column":14},"end":{"line":149,"column":null}},"31":{"start":{"line":176,"column":14},"end":{"line":176,"column":null}}},"fnMap":{"0":{"name":"HookForm","decl":{"start":{"line":14,"column":9},"end":{"line":14,"column":18}},"loc":{"start":{"line":14,"column":54},"end":{"line":231,"column":null}},"line":14},"1":{"name":"(anonymous_1)","decl":{"start":{"line":16,"column":24},"end":{"line":16,"column":38}},"loc":{"start":{"line":16,"column":44},"end":{"line":16,"column":60}},"line":16},"2":{"name":"(anonymous_2)","decl":{"start":{"line":17,"column":20},"end":{"line":17,"column":34}},"loc":{"start":{"line":17,"column":40},"end":{"line":17,"column":52}},"line":17},"3":{"name":"(anonymous_3)","decl":{"start":{"line":44,"column":8},"end":{"line":44,"column":26}},"loc":{"start":{"line":44,"column":26},"end":{"line":46,"column":null}},"line":44},"4":{"name":"(anonymous_4)","decl":{"start":{"line":49,"column":8},"end":{"line":49,"column":28}},"loc":{"start":{"line":49,"column":28},"end":{"line":51,"column":null}},"line":49},"5":{"name":"(anonymous_5)","decl":{"start":{"line":54,"column":19},"end":{"line":54,"column":26}},"loc":{"start":{"line":54,"column":51},"end":{"line":81,"column":null}},"line":54},"6":{"name":"(anonymous_6)","decl":{"start":{"line":84,"column":8},"end":{"line":84,"column":29}},"loc":{"start":{"line":84,"column":72},"end":{"line":89,"column":null}},"line":84},"7":{"name":"(anonymous_7)","decl":{"start":{"line":147,"column":12},"end":{"line":147,"column":23}},"loc":{"start":{"line":147,"column":29},"end":{"line":149,"column":null}},"line":147},"8":{"name":"(anonymous_8)","decl":{"start":{"line":175,"column":23},"end":{"line":175,"column":28}},"loc":{"start":{"line":176,"column":14},"end":{"line":176,"column":null}},"line":176}},"branchMap":{"0":{"loc":{"start":{"line":55,"column":4},"end":{"line":60,"column":null}},"type":"if","locations":[{"start":{"line":55,"column":4},"end":{"line":60,"column":null}},{"start":{},"end":{}}],"line":55},"1":{"loc":{"start":{"line":64,"column":4},"end":{"line":65,"column":null}},"type":"if","locations":[{"start":{"line":64,"column":4},"end":{"line":65,"column":null}},{"start":{},"end":{}}],"line":64},"2":{"loc":{"start":{"line":64,"column":8},"end":{"line":64,"column":59}},"type":"binary-expr","locations":[{"start":{"line":64,"column":8},"end":{"line":64,"column":38}},{"start":{"line":64,"column":38},"end":{"line":64,"column":59}}],"line":64},"3":{"loc":{"start":{"line":86,"column":4},"end":{"line":89,"column":null}},"type":"if","locations":[{"start":{"line":86,"column":4},"end":{"line":89,"column":null}},{"start":{"line":88,"column":11},"end":{"line":89,"column":null}}],"line":86},"4":{"loc":{"start":{"line":99,"column":11},"end":{"line":102,"column":null}},"type":"binary-expr","locations":[{"start":{"line":99,"column":11},"end":{"line":99,"column":null}},{"start":{"line":100,"column":12},"end":{"line":102,"column":null}}],"line":99},"5":{"loc":{"start":{"line":109,"column":11},"end":{"line":112,"column":null}},"type":"binary-expr","locations":[{"start":{"line":109,"column":11},"end":{"line":109,"column":null}},{"start":{"line":110,"column":12},"end":{"line":112,"column":null}}],"line":109},"6":{"loc":{"start":{"line":119,"column":11},"end":{"line":122,"column":null}},"type":"binary-expr","locations":[{"start":{"line":119,"column":11},"end":{"line":119,"column":null}},{"start":{"line":120,"column":12},"end":{"line":122,"column":null}}],"line":119},"7":{"loc":{"start":{"line":133,"column":11},"end":{"line":136,"column":null}},"type":"binary-expr","locations":[{"start":{"line":133,"column":11},"end":{"line":133,"column":null}},{"start":{"line":134,"column":12},"end":{"line":136,"column":null}}],"line":133},"8":{"loc":{"start":{"line":152,"column":11},"end":{"line":157,"column":null}},"type":"binary-expr","locations":[{"start":{"line":152,"column":11},"end":{"line":152,"column":null}},{"start":{"line":153,"column":12},"end":{"line":157,"column":null}}],"line":152},"9":{"loc":{"start":{"line":159,"column":11},"end":{"line":162,"column":null}},"type":"binary-expr","locations":[{"start":{"line":159,"column":11},"end":{"line":159,"column":null}},{"start":{"line":160,"column":12},"end":{"line":162,"column":null}}],"line":159},"10":{"loc":{"start":{"line":179,"column":11},"end":{"line":182,"column":null}},"type":"binary-expr","locations":[{"start":{"line":179,"column":11},"end":{"line":179,"column":null}},{"start":{"line":180,"column":12},"end":{"line":182,"column":null}}],"line":179},"11":{"loc":{"start":{"line":189,"column":11},"end":{"line":191,"column":null}},"type":"binary-expr","locations":[{"start":{"line":189,"column":11},"end":{"line":189,"column":null}},{"start":{"line":190,"column":12},"end":{"line":191,"column":null}}],"line":189},"12":{"loc":{"start":{"line":194,"column":11},"end":{"line":197,"column":null}},"type":"binary-expr","locations":[{"start":{"line":194,"column":11},"end":{"line":194,"column":null}},{"start":{"line":195,"column":12},"end":{"line":197,"column":null}}],"line":194},"13":{"loc":{"start":{"line":204,"column":11},"end":{"line":207,"column":null}},"type":"binary-expr","locations":[{"start":{"line":204,"column":11},"end":{"line":204,"column":null}},{"start":{"line":205,"column":12},"end":{"line":207,"column":null}}],"line":204},"14":{"loc":{"start":{"line":216,"column":11},"end":{"line":219,"column":null}},"type":"binary-expr","locations":[{"start":{"line":216,"column":11},"end":{"line":216,"column":null}},{"start":{"line":217,"column":12},"end":{"line":219,"column":null}}],"line":216}},"s":{"0":52,"1":52,"2":156,"3":52,"4":156,"5":52,"6":52,"7":52,"8":0,"9":0,"10":52,"11":0,"12":0,"13":52,"14":0,"15":0,"16":0,"17":0,"18":0,"19":0,"20":0,"21":0,"22":0,"23":52,"24":0,"25":0,"26":0,"27":0,"28":52,"29":0,"30":0,"31":1040},"f":{"0":52,"1":156,"2":156,"3":0,"4":0,"5":0,"6":0,"7":0,"8":1040},"b":{"0":[0,0],"1":[0,0],"2":[0,0],"3":[0,0],"4":[52,1],"5":[52,0],"6":[52,1],"7":[52,0],"8":[52,0],"9":[52,0],"10":[52,0],"11":[52,10],"12":[52,8],"13":[52,0],"14":[52,0]},"meta":{"lastBranch":15,"lastFunction":9,"lastStatement":32,"seen":{"f:14:9:14:18":0,"s:15:23:15:71":0,"s:16:8:16:60":1,"f:16:24:16:38":1,"s:16:44:16:60":2,"s:17:8:17:52":3,"f:17:20:17:34":2,"s:17:40:17:52":4,"s:25:25:40:4":5,"s:42:8:42:76":6,"s:44:8:46:Infinity":7,"f:44:8:44:26":3,"s:45:4:45:Infinity":8,"s:46:4:46:Infinity":9,"s:49:8:51:Infinity":10,"f:49:8:49:28":4,"s:50:4:50:Infinity":11,"s:51:4:51:Infinity":12,"s:54:19:81:Infinity":13,"f:54:19:54:26":5,"b:55:4:60:Infinity:undefined:undefined:undefined:undefined":0,"s:55:4:60:Infinity":14,"s:56:6:59:Infinity":15,"s:60:6:60:Infinity":16,"s:63:37:63:Infinity":17,"b:64:4:65:Infinity:undefined:undefined:undefined:undefined":1,"s:64:4:65:Infinity":18,"b:64:8:64:38:64:38:64:59":2,"s:65:6:65:Infinity":19,"s:68:4:78:Infinity":20,"s:80:4:80:Infinity":21,"s:81:4:81:Infinity":22,"s:84:8:89:Infinity":23,"f:84:8:84:29":6,"s:85:17:85:Infinity":24,"b:86:4:89:Infinity:88:11:89:Infinity":3,"s:86:4:89:Infinity":25,"s:87:6:87:Infinity":26,"s:89:6:89:Infinity":27,"s:93:2:231:Infinity":28,"b:99:11:99:Infinity:100:12:102:Infinity":4,"b:109:11:109:Infinity:110:12:112:Infinity":5,"b:119:11:119:Infinity:120:12:122:Infinity":6,"b:133:11:133:Infinity:134:12:136:Infinity":7,"f:147:12:147:23":7,"s:148:14:148:Infinity":29,"s:149:14:149:Infinity":30,"b:152:11:152:Infinity:153:12:157:Infinity":8,"b:159:11:159:Infinity:160:12:162:Infinity":9,"f:175:23:175:28":8,"s:176:14:176:Infinity":31,"b:179:11:179:Infinity:180:12:182:Infinity":10,"b:189:11:189:Infinity:190:12:191:Infinity":11,"b:194:11:194:Infinity:195:12:197:Infinity":12,"b:204:11:204:Infinity:205:12:207:Infinity":13,"b:216:11:216:Infinity:217:12:219:Infinity":14}}}
,"C:\\Users\\ypa\\Desktop\\ReactRS\\React2026Q2_tasks\\src\\components\\Modal\\Modal.tsx": {"path":"C:\\Users\\ypa\\Desktop\\ReactRS\\React2026Q2_tasks\\src\\components\\Modal\\Modal.tsx","statementMap":{"0":{"start":{"line":13,"column":2},"end":{"line":13,"column":null}},"1":{"start":{"line":16,"column":8},"end":{"line":16,"column":47}},"2":{"start":{"line":17,"column":8},"end":{"line":17,"column":60}},"3":{"start":{"line":19,"column":8},"end":{"line":19,"column":73}},"4":{"start":{"line":19,"column":32},"end":{"line":19,"column":70}},"5":{"start":{"line":20,"column":8},"end":{"line":20,"column":85}},"6":{"start":{"line":20,"column":38},"end":{"line":20,"column":82}},"7":{"start":{"line":22,"column":2},"end":{"line":39,"column":null}},"8":{"start":{"line":23,"column":4},"end":{"line":36,"column":null}},"9":{"start":{"line":24,"column":6},"end":{"line":24,"column":null}},"10":{"start":{"line":26,"column":6},"end":{"line":33,"column":null}},"11":{"start":{"line":27,"column":31},"end":{"line":27,"column":95}},"12":{"start":{"line":28,"column":8},"end":{"line":31,"column":null}},"13":{"start":{"line":29,"column":10},"end":{"line":29,"column":null}},"14":{"start":{"line":31,"column":10},"end":{"line":31,"column":null}},"15":{"start":{"line":35,"column":6},"end":{"line":36,"column":null}},"16":{"start":{"line":36,"column":8},"end":{"line":36,"column":null}},"17":{"start":{"line":41,"column":2},"end":{"line":82,"column":null}},"18":{"start":{"line":42,"column":4},"end":{"line":42,"column":null}},"19":{"start":{"line":42,"column":17},"end":{"line":42,"column":null}},"20":{"start":{"line":44,"column":10},"end":{"line":69,"column":null}},"21":{"start":{"line":45,"column":6},"end":{"line":47,"column":null}},"22":{"start":{"line":46,"column":8},"end":{"line":46,"column":null}},"23":{"start":{"line":47,"column":8},"end":{"line":47,"column":null}},"24":{"start":{"line":50,"column":6},"end":{"line":69,"column":null}},"25":{"start":{"line":51,"column":34},"end":{"line":51,"column":100}},"26":{"start":{"line":53,"column":8},"end":{"line":55,"column":null}},"27":{"start":{"line":54,"column":10},"end":{"line":54,"column":null}},"28":{"start":{"line":55,"column":10},"end":{"line":55,"column":null}},"29":{"start":{"line":58,"column":29},"end":{"line":58,"column":null}},"30":{"start":{"line":59,"column":28},"end":{"line":59,"column":null}},"31":{"start":{"line":61,"column":8},"end":{"line":69,"column":null}},"32":{"start":{"line":62,"column":10},"end":{"line":64,"column":null}},"33":{"start":{"line":63,"column":12},"end":{"line":63,"column":null}},"34":{"start":{"line":64,"column":12},"end":{"line":64,"column":null}},"35":{"start":{"line":67,"column":10},"end":{"line":69,"column":null}},"36":{"start":{"line":68,"column":12},"end":{"line":68,"column":null}},"37":{"start":{"line":69,"column":12},"end":{"line":69,"column":null}},"38":{"start":{"line":75,"column":4},"end":{"line":75,"column":null}},"39":{"start":{"line":76,"column":4},"end":{"line":76,"column":null}},"40":{"start":{"line":78,"column":4},"end":{"line":80,"column":null}},"41":{"start":{"line":79,"column":6},"end":{"line":79,"column":null}},"42":{"start":{"line":80,"column":6},"end":{"line":80,"column":null}},"43":{"start":{"line":84,"column":2},"end":{"line":84,"column":null}},"44":{"start":{"line":84,"column":15},"end":{"line":84,"column":null}},"45":{"start":{"line":86,"column":2},"end":{"line":120,"column":null}},"46":{"start":{"line":100,"column":24},"end":{"line":100,"column":43}}},"fnMap":{"0":{"name":"Modal","decl":{"start":{"line":15,"column":9},"end":{"line":15,"column":15}},"loc":{"start":{"line":15,"column":65},"end":{"line":120,"column":null}},"line":15},"1":{"name":"(anonymous_1)","decl":{"start":{"line":19,"column":18},"end":{"line":19,"column":32}},"loc":{"start":{"line":19,"column":32},"end":{"line":19,"column":70}},"line":19},"2":{"name":"(anonymous_2)","decl":{"start":{"line":20,"column":24},"end":{"line":20,"column":38}},"loc":{"start":{"line":20,"column":38},"end":{"line":20,"column":82}},"line":20},"3":{"name":"(anonymous_3)","decl":{"start":{"line":22,"column":2},"end":{"line":22,"column":18}},"loc":{"start":{"line":22,"column":18},"end":{"line":39,"column":6}},"line":22},"4":{"name":"(anonymous_4)","decl":{"start":{"line":26,"column":6},"end":{"line":26,"column":34}},"loc":{"start":{"line":26,"column":34},"end":{"line":33,"column":null}},"line":26},"5":{"name":"(anonymous_5)","decl":{"start":{"line":41,"column":2},"end":{"line":41,"column":18}},"loc":{"start":{"line":41,"column":18},"end":{"line":82,"column":6}},"line":41},"6":{"name":"(anonymous_6)","decl":{"start":{"line":44,"column":10},"end":{"line":44,"column":27}},"loc":{"start":{"line":44,"column":48},"end":{"line":69,"column":null}},"line":44},"7":{"name":"(anonymous_7)","decl":{"start":{"line":78,"column":4},"end":{"line":78,"column":17}},"loc":{"start":{"line":78,"column":17},"end":{"line":80,"column":null}},"line":78},"8":{"name":"(anonymous_8)","decl":{"start":{"line":100,"column":8},"end":{"line":100,"column":18}},"loc":{"start":{"line":100,"column":24},"end":{"line":100,"column":43}},"line":100}},"branchMap":{"0":{"loc":{"start":{"line":23,"column":4},"end":{"line":36,"column":null}},"type":"if","locations":[{"start":{"line":23,"column":4},"end":{"line":36,"column":null}},{"start":{"line":34,"column":11},"end":{"line":36,"column":null}}],"line":23},"1":{"loc":{"start":{"line":28,"column":8},"end":{"line":31,"column":null}},"type":"if","locations":[{"start":{"line":28,"column":8},"end":{"line":31,"column":null}},{"start":{"line":30,"column":15},"end":{"line":31,"column":null}}],"line":28},"2":{"loc":{"start":{"line":35,"column":6},"end":{"line":36,"column":null}},"type":"if","locations":[{"start":{"line":35,"column":6},"end":{"line":36,"column":null}},{"start":{},"end":{}}],"line":35},"3":{"loc":{"start":{"line":42,"column":4},"end":{"line":42,"column":null}},"type":"if","locations":[{"start":{"line":42,"column":4},"end":{"line":42,"column":null}},{"start":{},"end":{}}],"line":42},"4":{"loc":{"start":{"line":45,"column":6},"end":{"line":47,"column":null}},"type":"if","locations":[{"start":{"line":45,"column":6},"end":{"line":47,"column":null}},{"start":{},"end":{}}],"line":45},"5":{"loc":{"start":{"line":50,"column":6},"end":{"line":69,"column":null}},"type":"if","locations":[{"start":{"line":50,"column":6},"end":{"line":69,"column":null}},{"start":{},"end":{}}],"line":50},"6":{"loc":{"start":{"line":50,"column":10},"end":{"line":50,"column":47}},"type":"binary-expr","locations":[{"start":{"line":50,"column":10},"end":{"line":50,"column":29}},{"start":{"line":50,"column":29},"end":{"line":50,"column":47}}],"line":50},"7":{"loc":{"start":{"line":53,"column":8},"end":{"line":55,"column":null}},"type":"if","locations":[{"start":{"line":53,"column":8},"end":{"line":55,"column":null}},{"start":{},"end":{}}],"line":53},"8":{"loc":{"start":{"line":61,"column":8},"end":{"line":69,"column":null}},"type":"if","locations":[{"start":{"line":61,"column":8},"end":{"line":69,"column":null}},{"start":{"line":66,"column":15},"end":{"line":69,"column":null}}],"line":61},"9":{"loc":{"start":{"line":62,"column":10},"end":{"line":64,"column":null}},"type":"if","locations":[{"start":{"line":62,"column":10},"end":{"line":64,"column":null}},{"start":{},"end":{}}],"line":62},"10":{"loc":{"start":{"line":67,"column":10},"end":{"line":69,"column":null}},"type":"if","locations":[{"start":{"line":67,"column":10},"end":{"line":69,"column":null}},{"start":{},"end":{}}],"line":67},"11":{"loc":{"start":{"line":84,"column":2},"end":{"line":84,"column":null}},"type":"if","locations":[{"start":{"line":84,"column":2},"end":{"line":84,"column":null}},{"start":{},"end":{}}],"line":84}},"s":{"0":4,"1":88,"2":88,"3":88,"4":51,"5":88,"6":51,"7":88,"8":51,"9":22,"10":22,"11":22,"12":22,"13":9,"14":13,"15":29,"16":0,"17":88,"18":88,"19":43,"20":45,"21":40,"22":1,"23":1,"24":39,"25":0,"26":0,"27":0,"28":0,"29":0,"30":0,"31":0,"32":0,"33":0,"34":0,"35":0,"36":0,"37":0,"38":45,"39":45,"40":45,"41":45,"42":45,"43":88,"44":43,"45":45,"46":11},"f":{"0":88,"1":51,"2":51,"3":51,"4":22,"5":88,"6":40,"7":45,"8":11},"b":{"0":[22,29],"1":[9,13],"2":[0,29],"3":[43,45],"4":[1,39],"5":[0,39],"6":[39,0],"7":[0,0],"8":[0,0],"9":[0,0],"10":[0,0],"11":[43,45]},"meta":{"lastBranch":12,"lastFunction":9,"lastStatement":47,"seen":{"s:13:2:13:Infinity":0,"f:15:9:15:15":0,"s:16:8:16:47":1,"s:17:8:17:60":2,"s:19:8:19:73":3,"f:19:18:19:32":1,"s:19:32:19:70":4,"s:20:8:20:85":5,"f:20:24:20:38":2,"s:20:38:20:82":6,"s:22:2:39:Infinity":7,"f:22:2:22:18":3,"b:23:4:36:Infinity:34:11:36:Infinity":0,"s:23:4:36:Infinity":8,"s:24:6:24:Infinity":9,"s:26:6:33:Infinity":10,"f:26:6:26:34":4,"s:27:31:27:95":11,"b:28:8:31:Infinity:30:15:31:Infinity":1,"s:28:8:31:Infinity":12,"s:29:10:29:Infinity":13,"s:31:10:31:Infinity":14,"b:35:6:36:Infinity:undefined:undefined:undefined:undefined":2,"s:35:6:36:Infinity":15,"s:36:8:36:Infinity":16,"s:41:2:82:Infinity":17,"f:41:2:41:18":5,"b:42:4:42:Infinity:undefined:undefined:undefined:undefined":3,"s:42:4:42:Infinity":18,"s:42:17:42:Infinity":19,"s:44:10:69:Infinity":20,"f:44:10:44:27":6,"b:45:6:47:Infinity:undefined:undefined:undefined:undefined":4,"s:45:6:47:Infinity":21,"s:46:8:46:Infinity":22,"s:47:8:47:Infinity":23,"b:50:6:69:Infinity:undefined:undefined:undefined:undefined":5,"s:50:6:69:Infinity":24,"b:50:10:50:29:50:29:50:47":6,"s:51:34:51:100":25,"b:53:8:55:Infinity:undefined:undefined:undefined:undefined":7,"s:53:8:55:Infinity":26,"s:54:10:54:Infinity":27,"s:55:10:55:Infinity":28,"s:58:29:58:Infinity":29,"s:59:28:59:Infinity":30,"b:61:8:69:Infinity:66:15:69:Infinity":8,"s:61:8:69:Infinity":31,"b:62:10:64:Infinity:undefined:undefined:undefined:undefined":9,"s:62:10:64:Infinity":32,"s:63:12:63:Infinity":33,"s:64:12:64:Infinity":34,"b:67:10:69:Infinity:undefined:undefined:undefined:undefined":10,"s:67:10:69:Infinity":35,"s:68:12:68:Infinity":36,"s:69:12:69:Infinity":37,"s:75:4:75:Infinity":38,"s:76:4:76:Infinity":39,"s:78:4:80:Infinity":40,"f:78:4:78:17":7,"s:79:6:79:Infinity":41,"s:80:6:80:Infinity":42,"b:84:2:84:Infinity:undefined:undefined:undefined:undefined":11,"s:84:2:84:Infinity":43,"s:84:15:84:Infinity":44,"s:86:2:120:Infinity":45,"f:100:8:100:18":8,"s:100:24:100:43":46}}}
,"C:\\Users\\ypa\\Desktop\\ReactRS\\React2026Q2_tasks\\src\\components\\Pagination\\Pagination.tsx": {"path":"C:\\Users\\ypa\\Desktop\\ReactRS\\React2026Q2_tasks\\src\\components\\Pagination\\Pagination.tsx","statementMap":{"0":{"start":{"line":10,"column":2},"end":{"line":11,"column":null}},"1":{"start":{"line":11,"column":4},"end":{"line":11,"column":null}},"2":{"start":{"line":14,"column":2},"end":{"line":32,"column":null}},"3":{"start":{"line":19,"column":23},"end":{"line":19,"column":45}},"4":{"start":{"line":29,"column":23},"end":{"line":29,"column":45}}},"fnMap":{"0":{"name":"Pagination","decl":{"start":{"line":9,"column":9},"end":{"line":9,"column":20}},"loc":{"start":{"line":9,"column":73},"end":{"line":32,"column":null}},"line":9},"1":{"name":"(anonymous_1)","decl":{"start":{"line":19,"column":8},"end":{"line":19,"column":23}},"loc":{"start":{"line":19,"column":23},"end":{"line":19,"column":45}},"line":19},"2":{"name":"(anonymous_2)","decl":{"start":{"line":29,"column":8},"end":{"line":29,"column":23}},"loc":{"start":{"line":29,"column":23},"end":{"line":29,"column":45}},"line":29}},"branchMap":{"0":{"loc":{"start":{"line":10,"column":2},"end":{"line":11,"column":null}},"type":"if","locations":[{"start":{"line":10,"column":2},"end":{"line":11,"column":null}},{"start":{},"end":{}}],"line":10}},"s":{"0":12,"1":7,"2":5,"3":1,"4":1},"f":{"0":12,"1":1,"2":1},"b":{"0":[7,5]},"meta":{"lastBranch":1,"lastFunction":3,"lastStatement":5,"seen":{"f:9:9:9:20":0,"b:10:2:11:Infinity:undefined:undefined:undefined:undefined":0,"s:10:2:11:Infinity":0,"s:11:4:11:Infinity":1,"s:14:2:32:Infinity":2,"f:19:8:19:23":1,"s:19:23:19:45":3,"f:29:8:29:23":2,"s:29:23:29:45":4}}}
,"C:\\Users\\ypa\\Desktop\\ReactRS\\React2026Q2_tasks\\src\\components\\RefreshButton\\RefreshButton.tsx": {"path":"C:\\Users\\ypa\\Desktop\\ReactRS\\React2026Q2_tasks\\src\\components\\RefreshButton\\RefreshButton.tsx","statementMap":{"0":{"start":{"line":5,"column":8},"end":{"line":5,"column":38}},"1":{"start":{"line":7,"column":8},"end":{"line":9,"column":null}},"2":{"start":{"line":8,"column":4},"end":{"line":8,"column":null}},"3":{"start":{"line":9,"column":4},"end":{"line":9,"column":null}},"4":{"start":{"line":12,"column":2},"end":{"line":15,"column":null}}},"fnMap":{"0":{"name":"RefreshButton","decl":{"start":{"line":4,"column":9},"end":{"line":4,"column":25}},"loc":{"start":{"line":4,"column":25},"end":{"line":15,"column":null}},"line":4},"1":{"name":"(anonymous_1)","decl":{"start":{"line":7,"column":8},"end":{"line":7,"column":30}},"loc":{"start":{"line":7,"column":30},"end":{"line":9,"column":null}},"line":7}},"branchMap":{},"s":{"0":34,"1":34,"2":1,"3":1,"4":34},"f":{"0":34,"1":1},"b":{},"meta":{"lastBranch":0,"lastFunction":2,"lastStatement":5,"seen":{"f:4:9:4:25":0,"s:5:8:5:38":0,"s:7:8:9:Infinity":1,"f:7:8:7:30":1,"s:8:4:8:Infinity":2,"s:9:4:9:Infinity":3,"s:12:2:15:Infinity":4}}}
,"C:\\Users\\ypa\\Desktop\\ReactRS\\React2026Q2_tasks\\src\\components\\Results\\Results.tsx": {"path":"C:\\Users\\ypa\\Desktop\\ReactRS\\React2026Q2_tasks\\src\\components\\Results\\Results.tsx","statementMap":{"0":{"start":{"line":13,"column":9},"end":{"line":13,"column":42}},"1":{"start":{"line":14,"column":22},"end":{"line":14,"column":null}},"2":{"start":{"line":15,"column":8},"end":{"line":15,"column":71}},"3":{"start":{"line":15,"column":54},"end":{"line":15,"column":71}},"4":{"start":{"line":16,"column":8},"end":{"line":16,"column":77}},"5":{"start":{"line":16,"column":57},"end":{"line":16,"column":77}},"6":{"start":{"line":18,"column":8},"end":{"line":20,"column":null}},"7":{"start":{"line":19,"column":4},"end":{"line":19,"column":null}},"8":{"start":{"line":20,"column":4},"end":{"line":20,"column":null}},"9":{"start":{"line":23,"column":2},"end":{"line":27,"column":null}},"10":{"start":{"line":24,"column":4},"end":{"line":27,"column":null}},"11":{"start":{"line":31,"column":2},"end":{"line":35,"column":null}},"12":{"start":{"line":32,"column":4},"end":{"line":35,"column":null}},"13":{"start":{"line":39,"column":2},"end":{"line":43,"column":null}},"14":{"start":{"line":40,"column":4},"end":{"line":43,"column":null}},"15":{"start":{"line":47,"column":2},"end":{"line":70,"column":null}},"16":{"start":{"line":51,"column":10},"end":{"line":67,"column":null}},"17":{"start":{"line":60,"column":58},"end":{"line":60,"column":86}},"18":{"start":{"line":61,"column":33},"end":{"line":61,"column":62}},"19":{"start":{"line":62,"column":32},"end":{"line":62,"column":null}}},"fnMap":{"0":{"name":"Results","decl":{"start":{"line":12,"column":9},"end":{"line":12,"column":17}},"loc":{"start":{"line":12,"column":58},"end":{"line":70,"column":null}},"line":12},"1":{"name":"(anonymous_1)","decl":{"start":{"line":15,"column":21},"end":{"line":15,"column":44}},"loc":{"start":{"line":15,"column":54},"end":{"line":15,"column":71}},"line":15},"2":{"name":"(anonymous_2)","decl":{"start":{"line":16,"column":24},"end":{"line":16,"column":47}},"loc":{"start":{"line":16,"column":57},"end":{"line":16,"column":77}},"line":16},"3":{"name":"(anonymous_3)","decl":{"start":{"line":18,"column":8},"end":{"line":18,"column":32}},"loc":{"start":{"line":18,"column":98},"end":{"line":20,"column":null}},"line":18},"4":{"name":"(anonymous_4)","decl":{"start":{"line":50,"column":15},"end":{"line":50,"column":20}},"loc":{"start":{"line":51,"column":10},"end":{"line":67,"column":null}},"line":51},"5":{"name":"(anonymous_5)","decl":{"start":{"line":60,"column":39},"end":{"line":60,"column":45}},"loc":{"start":{"line":60,"column":58},"end":{"line":60,"column":86}},"line":60},"6":{"name":"(anonymous_6)","decl":{"start":{"line":61,"column":16},"end":{"line":61,"column":27}},"loc":{"start":{"line":61,"column":33},"end":{"line":61,"column":62}},"line":61},"7":{"name":"(anonymous_7)","decl":{"start":{"line":62,"column":16},"end":{"line":62,"column":26}},"loc":{"start":{"line":62,"column":32},"end":{"line":62,"column":null}},"line":62}},"branchMap":{"0":{"loc":{"start":{"line":14,"column":22},"end":{"line":14,"column":null}},"type":"binary-expr","locations":[{"start":{"line":14,"column":22},"end":{"line":14,"column":46}},{"start":{"line":14,"column":50},"end":{"line":14,"column":null}}],"line":14},"1":{"loc":{"start":{"line":23,"column":2},"end":{"line":27,"column":null}},"type":"if","locations":[{"start":{"line":23,"column":2},"end":{"line":27,"column":null}},{"start":{},"end":{}}],"line":23},"2":{"loc":{"start":{"line":31,"column":2},"end":{"line":35,"column":null}},"type":"if","locations":[{"start":{"line":31,"column":2},"end":{"line":35,"column":null}},{"start":{},"end":{}}],"line":31},"3":{"loc":{"start":{"line":39,"column":2},"end":{"line":43,"column":null}},"type":"if","locations":[{"start":{"line":39,"column":2},"end":{"line":43,"column":null}},{"start":{},"end":{}}],"line":39}},"s":{"0":46,"1":46,"2":46,"3":143,"4":46,"5":143,"6":46,"7":2,"8":2,"9":46,"10":21,"11":25,"12":2,"13":23,"14":7,"15":16,"16":29,"17":6,"18":2,"19":2},"f":{"0":46,"1":143,"2":143,"3":2,"4":29,"5":6,"6":2,"7":2},"b":{"0":[46,29],"1":[21,25],"2":[2,23],"3":[7,16]},"meta":{"lastBranch":4,"lastFunction":8,"lastStatement":20,"seen":{"f:12:9:12:17":0,"s:13:9:13:42":0,"s:14:22:14:Infinity":1,"b:14:22:14:46:14:50:14:Infinity":0,"s:15:8:15:71":2,"f:15:21:15:44":1,"s:15:54:15:71":3,"s:16:8:16:77":4,"f:16:24:16:47":2,"s:16:57:16:77":5,"s:18:8:20:Infinity":6,"f:18:8:18:32":3,"s:19:4:19:Infinity":7,"s:20:4:20:Infinity":8,"b:23:2:27:Infinity:undefined:undefined:undefined:undefined":1,"s:23:2:27:Infinity":9,"s:24:4:27:Infinity":10,"b:31:2:35:Infinity:undefined:undefined:undefined:undefined":2,"s:31:2:35:Infinity":11,"s:32:4:35:Infinity":12,"b:39:2:43:Infinity:undefined:undefined:undefined:undefined":3,"s:39:2:43:Infinity":13,"s:40:4:43:Infinity":14,"s:47:2:70:Infinity":15,"f:50:15:50:20":4,"s:51:10:67:Infinity":16,"f:60:39:60:45":5,"s:60:58:60:86":17,"f:61:16:61:27":6,"s:61:33:61:62":18,"f:62:16:62:26":7,"s:62:32:62:Infinity":19}}}
,"C:\\Users\\ypa\\Desktop\\ReactRS\\React2026Q2_tasks\\src\\components\\Search\\Search.tsx": {"path":"C:\\Users\\ypa\\Desktop\\ReactRS\\React2026Q2_tasks\\src\\components\\Search\\Search.tsx","statementMap":{"0":{"start":{"line":5,"column":20},"end":{"line":5,"column":null}},"1":{"start":{"line":14,"column":20},"end":{"line":14,"column":68}},"2":{"start":{"line":15,"column":15},"end":{"line":15,"column":53}},"3":{"start":{"line":17,"column":2},"end":{"line":23,"column":null}},"4":{"start":{"line":18,"column":4},"end":{"line":21,"column":null}},"5":{"start":{"line":19,"column":6},"end":{"line":19,"column":null}},"6":{"start":{"line":21,"column":6},"end":{"line":21,"column":null}},"7":{"start":{"line":25,"column":8},"end":{"line":26,"column":null}},"8":{"start":{"line":26,"column":4},"end":{"line":26,"column":null}},"9":{"start":{"line":29,"column":8},"end":{"line":38,"column":50}},"10":{"start":{"line":30,"column":20},"end":{"line":30,"column":31}},"11":{"start":{"line":32,"column":4},"end":{"line":33,"column":null}},"12":{"start":{"line":33,"column":6},"end":{"line":33,"column":null}},"13":{"start":{"line":36,"column":4},"end":{"line":36,"column":null}},"14":{"start":{"line":37,"column":4},"end":{"line":37,"column":null}},"15":{"start":{"line":40,"column":2},"end":{"line":54,"column":null}}},"fnMap":{"0":{"name":"Search","decl":{"start":{"line":13,"column":9},"end":{"line":13,"column":16}},"loc":{"start":{"line":13,"column":74},"end":{"line":54,"column":null}},"line":13},"1":{"name":"(anonymous_1)","decl":{"start":{"line":17,"column":2},"end":{"line":17,"column":18}},"loc":{"start":{"line":17,"column":18},"end":{"line":23,"column":6}},"line":17},"2":{"name":"(anonymous_2)","decl":{"start":{"line":25,"column":8},"end":{"line":25,"column":29}},"loc":{"start":{"line":25,"column":72},"end":{"line":26,"column":null}},"line":25},"3":{"name":"(anonymous_3)","decl":{"start":{"line":29,"column":23},"end":{"line":29,"column":41}},"loc":{"start":{"line":29,"column":41},"end":{"line":38,"column":6}},"line":29}},"branchMap":{"0":{"loc":{"start":{"line":18,"column":4},"end":{"line":21,"column":null}},"type":"if","locations":[{"start":{"line":18,"column":4},"end":{"line":21,"column":null}},{"start":{"line":20,"column":11},"end":{"line":21,"column":null}}],"line":18},"1":{"loc":{"start":{"line":32,"column":4},"end":{"line":33,"column":null}},"type":"if","locations":[{"start":{"line":32,"column":4},"end":{"line":33,"column":null}},{"start":{},"end":{}}],"line":32}},"s":{"0":2,"1":106,"2":106,"3":106,"4":28,"5":16,"6":12,"7":106,"8":62,"9":106,"10":7,"11":7,"12":1,"13":6,"14":6,"15":106},"f":{"0":106,"1":28,"2":62,"3":7},"b":{"0":[16,12],"1":[1,6]},"meta":{"lastBranch":2,"lastFunction":4,"lastStatement":16,"seen":{"s:5:20:5:Infinity":0,"f:13:9:13:16":0,"s:14:20:14:68":1,"s:15:15:15:53":2,"s:17:2:23:Infinity":3,"f:17:2:17:18":1,"b:18:4:21:Infinity:20:11:21:Infinity":0,"s:18:4:21:Infinity":4,"s:19:6:19:Infinity":5,"s:21:6:21:Infinity":6,"s:25:8:26:Infinity":7,"f:25:8:25:29":2,"s:26:4:26:Infinity":8,"s:29:8:38:50":9,"f:29:23:29:41":3,"s:30:20:30:31":10,"b:32:4:33:Infinity:undefined:undefined:undefined:undefined":1,"s:32:4:33:Infinity":11,"s:33:6:33:Infinity":12,"s:36:4:36:Infinity":13,"s:37:4:37:Infinity":14,"s:40:2:54:Infinity":15}}}
,"C:\\Users\\ypa\\Desktop\\ReactRS\\React2026Q2_tasks\\src\\components\\UncontrolledForm\\UncontrolledForm.tsx": {"path":"C:\\Users\\ypa\\Desktop\\ReactRS\\React2026Q2_tasks\\src\\components\\UncontrolledForm\\UncontrolledForm.tsx","statementMap":{"0":{"start":{"line":13,"column":17},"end":{"line":13,"column":66}},"1":{"start":{"line":14,"column":23},"end":{"line":14,"column":71}},"2":{"start":{"line":15,"column":27},"end":{"line":15,"column":62}},"3":{"start":{"line":16,"column":8},"end":{"line":16,"column":60}},"4":{"start":{"line":16,"column":44},"end":{"line":16,"column":60}},"5":{"start":{"line":17,"column":8},"end":{"line":17,"column":52}},"6":{"start":{"line":17,"column":40},"end":{"line":17,"column":52}},"7":{"start":{"line":19,"column":8},"end":{"line":22,"column":null}},"8":{"start":{"line":20,"column":4},"end":{"line":20,"column":null}},"9":{"start":{"line":21,"column":4},"end":{"line":21,"column":null}},"10":{"start":{"line":22,"column":4},"end":{"line":22,"column":null}},"11":{"start":{"line":25,"column":8},"end":{"line":27,"column":null}},"12":{"start":{"line":26,"column":4},"end":{"line":26,"column":null}},"13":{"start":{"line":27,"column":4},"end":{"line":27,"column":null}},"14":{"start":{"line":30,"column":23},"end":{"line":81,"column":null}},"15":{"start":{"line":31,"column":4},"end":{"line":31,"column":null}},"16":{"start":{"line":32,"column":17},"end":{"line":32,"column":null}},"17":{"start":{"line":33,"column":21},"end":{"line":33,"column":39}},"18":{"start":{"line":35,"column":24},"end":{"line":35,"column":46}},"19":{"start":{"line":36,"column":25},"end":{"line":36,"column":null}},"20":{"start":{"line":38,"column":38},"end":{"line":50,"column":null}},"21":{"start":{"line":52,"column":19},"end":{"line":52,"column":51}},"22":{"start":{"line":53,"column":4},"end":{"line":60,"column":null}},"23":{"start":{"line":54,"column":50},"end":{"line":54,"column":52}},"24":{"start":{"line":55,"column":6},"end":{"line":58,"column":null}},"25":{"start":{"line":56,"column":20},"end":{"line":56,"column":null}},"26":{"start":{"line":57,"column":8},"end":{"line":57,"column":null}},"27":{"start":{"line":57,"column":31},"end":{"line":57,"column":null}},"28":{"start":{"line":59,"column":6},"end":{"line":59,"column":null}},"29":{"start":{"line":60,"column":6},"end":{"line":60,"column":null}},"30":{"start":{"line":63,"column":4},"end":{"line":65,"column":null}},"31":{"start":{"line":64,"column":6},"end":{"line":64,"column":null}},"32":{"start":{"line":65,"column":6},"end":{"line":65,"column":null}},"33":{"start":{"line":68,"column":4},"end":{"line":68,"column":null}},"34":{"start":{"line":69,"column":37},"end":{"line":69,"column":null}},"35":{"start":{"line":70,"column":4},"end":{"line":71,"column":null}},"36":{"start":{"line":71,"column":6},"end":{"line":71,"column":null}},"37":{"start":{"line":74,"column":4},"end":{"line":77,"column":null}},"38":{"start":{"line":79,"column":4},"end":{"line":79,"column":null}},"39":{"start":{"line":80,"column":4},"end":{"line":80,"column":null}},"40":{"start":{"line":81,"column":4},"end":{"line":81,"column":null}},"41":{"start":{"line":84,"column":8},"end":{"line":85,"column":null}},"42":{"start":{"line":85,"column":4},"end":{"line":85,"column":null}},"43":{"start":{"line":88,"column":8},"end":{"line":93,"column":null}},"44":{"start":{"line":89,"column":17},"end":{"line":89,"column":null}},"45":{"start":{"line":90,"column":4},"end":{"line":93,"column":null}},"46":{"start":{"line":91,"column":6},"end":{"line":91,"column":null}},"47":{"start":{"line":93,"column":6},"end":{"line":93,"column":null}},"48":{"start":{"line":97,"column":2},"end":{"line":230,"column":null}},"49":{"start":{"line":175,"column":14},"end":{"line":175,"column":null}}},"fnMap":{"0":{"name":"UncontrolledForm","decl":{"start":{"line":12,"column":9},"end":{"line":12,"column":26}},"loc":{"start":{"line":12,"column":70},"end":{"line":230,"column":null}},"line":12},"1":{"name":"(anonymous_1)","decl":{"start":{"line":16,"column":24},"end":{"line":16,"column":38}},"loc":{"start":{"line":16,"column":44},"end":{"line":16,"column":60}},"line":16},"2":{"name":"(anonymous_2)","decl":{"start":{"line":17,"column":20},"end":{"line":17,"column":34}},"loc":{"start":{"line":17,"column":40},"end":{"line":17,"column":52}},"line":17},"3":{"name":"(anonymous_3)","decl":{"start":{"line":19,"column":8},"end":{"line":19,"column":26}},"loc":{"start":{"line":19,"column":26},"end":{"line":22,"column":null}},"line":19},"4":{"name":"(anonymous_4)","decl":{"start":{"line":25,"column":8},"end":{"line":25,"column":28}},"loc":{"start":{"line":25,"column":28},"end":{"line":27,"column":null}},"line":25},"5":{"name":"(anonymous_5)","decl":{"start":{"line":30,"column":23},"end":{"line":30,"column":30}},"loc":{"start":{"line":30,"column":68},"end":{"line":81,"column":null}},"line":30},"6":{"name":"(anonymous_6)","decl":{"start":{"line":55,"column":26},"end":{"line":55,"column":35}},"loc":{"start":{"line":55,"column":45},"end":{"line":58,"column":null}},"line":55},"7":{"name":"(anonymous_7)","decl":{"start":{"line":84,"column":8},"end":{"line":84,"column":32}},"loc":{"start":{"line":84,"column":75},"end":{"line":85,"column":null}},"line":84},"8":{"name":"(anonymous_8)","decl":{"start":{"line":88,"column":8},"end":{"line":88,"column":29}},"loc":{"start":{"line":88,"column":72},"end":{"line":93,"column":null}},"line":88},"9":{"name":"(anonymous_9)","decl":{"start":{"line":174,"column":23},"end":{"line":174,"column":28}},"loc":{"start":{"line":175,"column":14},"end":{"line":175,"column":null}},"line":175}},"branchMap":{"0":{"loc":{"start":{"line":39,"column":13},"end":{"line":39,"column":null}},"type":"binary-expr","locations":[{"start":{"line":39,"column":13},"end":{"line":39,"column":33}},{"start":{"line":39,"column":48},"end":{"line":39,"column":null}}],"line":39},"1":{"loc":{"start":{"line":40,"column":11},"end":{"line":40,"column":null}},"type":"binary-expr","locations":[{"start":{"line":40,"column":11},"end":{"line":40,"column":54}},{"start":{"line":40,"column":58},"end":{"line":40,"column":null}}],"line":40},"2":{"loc":{"start":{"line":41,"column":14},"end":{"line":41,"column":null}},"type":"binary-expr","locations":[{"start":{"line":41,"column":14},"end":{"line":41,"column":35}},{"start":{"line":41,"column":50},"end":{"line":41,"column":null}}],"line":41},"3":{"loc":{"start":{"line":42,"column":14},"end":{"line":44,"column":null}},"type":"cond-expr","locations":[{"start":{"line":43,"column":11},"end":{"line":43,"column":null}},{"start":{"line":44,"column":10},"end":{"line":44,"column":null}}],"line":42},"4":{"loc":{"start":{"line":46,"column":14},"end":{"line":46,"column":null}},"type":"binary-expr","locations":[{"start":{"line":46,"column":14},"end":{"line":46,"column":35}},{"start":{"line":46,"column":48},"end":{"line":46,"column":null}}],"line":46},"5":{"loc":{"start":{"line":47,"column":16},"end":{"line":47,"column":null}},"type":"binary-expr","locations":[{"start":{"line":47,"column":16},"end":{"line":47,"column":39}},{"start":{"line":47,"column":54},"end":{"line":47,"column":null}}],"line":47},"6":{"loc":{"start":{"line":48,"column":17},"end":{"line":48,"column":null}},"type":"binary-expr","locations":[{"start":{"line":48,"column":17},"end":{"line":48,"column":41}},{"start":{"line":48,"column":56},"end":{"line":48,"column":null}}],"line":48},"7":{"loc":{"start":{"line":49,"column":24},"end":{"line":49,"column":null}},"type":"binary-expr","locations":[{"start":{"line":49,"column":24},"end":{"line":49,"column":55}},{"start":{"line":49,"column":70},"end":{"line":49,"column":null}}],"line":49},"8":{"loc":{"start":{"line":53,"column":4},"end":{"line":60,"column":null}},"type":"if","locations":[{"start":{"line":53,"column":4},"end":{"line":60,"column":null}},{"start":{},"end":{}}],"line":53},"9":{"loc":{"start":{"line":57,"column":8},"end":{"line":57,"column":null}},"type":"if","locations":[{"start":{"line":57,"column":8},"end":{"line":57,"column":null}},{"start":{},"end":{}}],"line":57},"10":{"loc":{"start":{"line":63,"column":4},"end":{"line":65,"column":null}},"type":"if","locations":[{"start":{"line":63,"column":4},"end":{"line":65,"column":null}},{"start":{},"end":{}}],"line":63},"11":{"loc":{"start":{"line":70,"column":4},"end":{"line":71,"column":null}},"type":"if","locations":[{"start":{"line":70,"column":4},"end":{"line":71,"column":null}},{"start":{},"end":{}}],"line":70},"12":{"loc":{"start":{"line":70,"column":8},"end":{"line":70,"column":55}},"type":"binary-expr","locations":[{"start":{"line":70,"column":8},"end":{"line":70,"column":28}},{"start":{"line":70,"column":28},"end":{"line":70,"column":55}}],"line":70},"13":{"loc":{"start":{"line":90,"column":4},"end":{"line":93,"column":null}},"type":"if","locations":[{"start":{"line":90,"column":4},"end":{"line":93,"column":null}},{"start":{"line":92,"column":11},"end":{"line":93,"column":null}}],"line":90},"14":{"loc":{"start":{"line":103,"column":11},"end":{"line":106,"column":null}},"type":"binary-expr","locations":[{"start":{"line":103,"column":11},"end":{"line":103,"column":null}},{"start":{"line":104,"column":12},"end":{"line":106,"column":null}}],"line":103},"15":{"loc":{"start":{"line":113,"column":11},"end":{"line":116,"column":null}},"type":"binary-expr","locations":[{"start":{"line":113,"column":11},"end":{"line":113,"column":null}},{"start":{"line":114,"column":12},"end":{"line":116,"column":null}}],"line":113},"16":{"loc":{"start":{"line":123,"column":11},"end":{"line":126,"column":null}},"type":"binary-expr","locations":[{"start":{"line":123,"column":11},"end":{"line":123,"column":null}},{"start":{"line":124,"column":12},"end":{"line":126,"column":null}}],"line":123},"17":{"loc":{"start":{"line":140,"column":11},"end":{"line":143,"column":null}},"type":"binary-expr","locations":[{"start":{"line":140,"column":11},"end":{"line":140,"column":null}},{"start":{"line":141,"column":12},"end":{"line":143,"column":null}}],"line":140},"18":{"loc":{"start":{"line":156,"column":11},"end":{"line":161,"column":null}},"type":"binary-expr","locations":[{"start":{"line":156,"column":11},"end":{"line":156,"column":null}},{"start":{"line":157,"column":12},"end":{"line":161,"column":null}}],"line":156},"19":{"loc":{"start":{"line":163,"column":11},"end":{"line":166,"column":null}},"type":"binary-expr","locations":[{"start":{"line":163,"column":11},"end":{"line":163,"column":null}},{"start":{"line":164,"column":12},"end":{"line":166,"column":null}}],"line":163},"20":{"loc":{"start":{"line":178,"column":11},"end":{"line":181,"column":null}},"type":"binary-expr","locations":[{"start":{"line":178,"column":11},"end":{"line":178,"column":null}},{"start":{"line":179,"column":12},"end":{"line":181,"column":null}}],"line":178},"21":{"loc":{"start":{"line":193,"column":11},"end":{"line":195,"column":null}},"type":"binary-expr","locations":[{"start":{"line":193,"column":11},"end":{"line":193,"column":null}},{"start":{"line":194,"column":12},"end":{"line":195,"column":null}}],"line":193},"22":{"loc":{"start":{"line":198,"column":11},"end":{"line":201,"column":null}},"type":"binary-expr","locations":[{"start":{"line":198,"column":11},"end":{"line":198,"column":null}},{"start":{"line":199,"column":12},"end":{"line":201,"column":null}}],"line":198},"23":{"loc":{"start":{"line":208,"column":11},"end":{"line":211,"column":null}},"type":"binary-expr","locations":[{"start":{"line":208,"column":11},"end":{"line":208,"column":null}},{"start":{"line":209,"column":12},"end":{"line":211,"column":null}}],"line":208},"24":{"loc":{"start":{"line":219,"column":11},"end":{"line":222,"column":null}},"type":"binary-expr","locations":[{"start":{"line":219,"column":11},"end":{"line":219,"column":null}},{"start":{"line":220,"column":12},"end":{"line":222,"column":null}}],"line":219}},"s":{"0":25,"1":25,"2":25,"3":25,"4":74,"5":25,"6":74,"7":25,"8":0,"9":0,"10":0,"11":25,"12":0,"13":0,"14":25,"15":2,"16":2,"17":2,"18":2,"19":2,"20":2,"21":2,"22":2,"23":2,"24":2,"25":27,"26":27,"27":15,"28":2,"29":2,"30":0,"31":0,"32":0,"33":0,"34":0,"35":0,"36":0,"37":0,"38":0,"39":0,"40":0,"41":25,"42":8,"43":25,"44":0,"45":0,"46":0,"47":0,"48":25,"49":500},"f":{"0":25,"1":74,"2":74,"3":0,"4":0,"5":2,"6":27,"7":8,"8":0,"9":500},"b":{"0":[2,1],"1":[2,1],"2":[2,1],"3":[0,2],"4":[2,0],"5":[2,2],"6":[2,2],"7":[2,2],"8":[2,0],"9":[15,12],"10":[0,0],"11":[0,0],"12":[0,0],"13":[0,0],"14":[25,2],"15":[25,1],"16":[25,2],"17":[25,0],"18":[25,0],"19":[25,2],"20":[25,2],"21":[25,4],"22":[25,2],"23":[25,2],"24":[25,2]},"meta":{"lastBranch":25,"lastFunction":10,"lastStatement":50,"seen":{"f:12:9:12:26":0,"s:13:17:13:66":0,"s:14:23:14:71":1,"s:15:27:15:62":2,"s:16:8:16:60":3,"f:16:24:16:38":1,"s:16:44:16:60":4,"s:17:8:17:52":5,"f:17:20:17:34":2,"s:17:40:17:52":6,"s:19:8:22:Infinity":7,"f:19:8:19:26":3,"s:20:4:20:Infinity":8,"s:21:4:21:Infinity":9,"s:22:4:22:Infinity":10,"s:25:8:27:Infinity":11,"f:25:8:25:28":4,"s:26:4:26:Infinity":12,"s:27:4:27:Infinity":13,"s:30:23:81:Infinity":14,"f:30:23:30:30":5,"s:31:4:31:Infinity":15,"s:32:17:32:Infinity":16,"s:33:21:33:39":17,"s:35:24:35:46":18,"s:36:25:36:Infinity":19,"s:38:38:50:Infinity":20,"b:39:13:39:33:39:48:39:Infinity":0,"b:40:11:40:54:40:58:40:Infinity":1,"b:41:14:41:35:41:50:41:Infinity":2,"b:43:11:43:Infinity:44:10:44:Infinity":3,"b:46:14:46:35:46:48:46:Infinity":4,"b:47:16:47:39:47:54:47:Infinity":5,"b:48:17:48:41:48:56:48:Infinity":6,"b:49:24:49:55:49:70:49:Infinity":7,"s:52:19:52:51":21,"b:53:4:60:Infinity:undefined:undefined:undefined:undefined":8,"s:53:4:60:Infinity":22,"s:54:50:54:52":23,"s:55:6:58:Infinity":24,"f:55:26:55:35":6,"s:56:20:56:Infinity":25,"b:57:8:57:Infinity:undefined:undefined:undefined:undefined":9,"s:57:8:57:Infinity":26,"s:57:31:57:Infinity":27,"s:59:6:59:Infinity":28,"s:60:6:60:Infinity":29,"b:63:4:65:Infinity:undefined:undefined:undefined:undefined":10,"s:63:4:65:Infinity":30,"s:64:6:64:Infinity":31,"s:65:6:65:Infinity":32,"s:68:4:68:Infinity":33,"s:69:37:69:Infinity":34,"b:70:4:71:Infinity:undefined:undefined:undefined:undefined":11,"s:70:4:71:Infinity":35,"b:70:8:70:28:70:28:70:55":12,"s:71:6:71:Infinity":36,"s:74:4:77:Infinity":37,"s:79:4:79:Infinity":38,"s:80:4:80:Infinity":39,"s:81:4:81:Infinity":40,"s:84:8:85:Infinity":41,"f:84:8:84:32":7,"s:85:4:85:Infinity":42,"s:88:8:93:Infinity":43,"f:88:8:88:29":8,"s:89:17:89:Infinity":44,"b:90:4:93:Infinity:92:11:93:Infinity":13,"s:90:4:93:Infinity":45,"s:91:6:91:Infinity":46,"s:93:6:93:Infinity":47,"s:97:2:230:Infinity":48,"b:103:11:103:Infinity:104:12:106:Infinity":14,"b:113:11:113:Infinity:114:12:116:Infinity":15,"b:123:11:123:Infinity:124:12:126:Infinity":16,"b:140:11:140:Infinity:141:12:143:Infinity":17,"b:156:11:156:Infinity:157:12:161:Infinity":18,"b:163:11:163:Infinity:164:12:166:Infinity":19,"f:174:23:174:28":9,"s:175:14:175:Infinity":49,"b:178:11:178:Infinity:179:12:181:Infinity":20,"b:193:11:193:Infinity:194:12:195:Infinity":21,"b:198:11:198:Infinity:199:12:201:Infinity":22,"b:208:11:208:Infinity:209:12:211:Infinity":23,"b:219:11:219:Infinity:220:12:222:Infinity":24}}}
,"C:\\Users\\ypa\\Desktop\\ReactRS\\React2026Q2_tasks\\src\\context\\ThemeContext.ts": {"path":"C:\\Users\\ypa\\Desktop\\ReactRS\\React2026Q2_tasks\\src\\context\\ThemeContext.ts","statementMap":{"0":{"start":{"line":10,"column":13},"end":{"line":10,"column":82}}},"fnMap":{},"branchMap":{},"s":{"0":3},"f":{},"b":{},"meta":{"lastBranch":0,"lastFunction":0,"lastStatement":1,"seen":{"s:10:13:10:82":0}}}
,"C:\\Users\\ypa\\Desktop\\ReactRS\\React2026Q2_tasks\\src\\context\\ThemeProvider.tsx": {"path":"C:\\Users\\ypa\\Desktop\\ReactRS\\React2026Q2_tasks\\src\\context\\ThemeProvider.tsx","statementMap":{"0":{"start":{"line":5,"column":16},"end":{"line":8,"column":null}},"1":{"start":{"line":6,"column":23},"end":{"line":6,"column":56}},"2":{"start":{"line":7,"column":4},"end":{"line":7,"column":null}},"3":{"start":{"line":10,"column":8},"end":{"line":11,"column":null}},"4":{"start":{"line":11,"column":4},"end":{"line":11,"column":null}},"5":{"start":{"line":11,"column":24},"end":{"line":11,"column":61}},"6":{"start":{"line":14,"column":2},"end":{"line":17,"column":null}},"7":{"start":{"line":15,"column":4},"end":{"line":15,"column":null}},"8":{"start":{"line":16,"column":4},"end":{"line":16,"column":null}},"9":{"start":{"line":19,"column":2},"end":{"line":22,"column":null}}},"fnMap":{"0":{"name":"ThemeProvider","decl":{"start":{"line":4,"column":16},"end":{"line":4,"column":30}},"loc":{"start":{"line":4,"column":69},"end":{"line":22,"column":null}},"line":4},"1":{"name":"(anonymous_1)","decl":{"start":{"line":5,"column":28},"end":{"line":5,"column":61}},"loc":{"start":{"line":5,"column":61},"end":{"line":8,"column":null}},"line":5},"2":{"name":"(anonymous_2)","decl":{"start":{"line":10,"column":8},"end":{"line":10,"column":28}},"loc":{"start":{"line":10,"column":28},"end":{"line":11,"column":null}},"line":10},"3":{"name":"(anonymous_3)","decl":{"start":{"line":11,"column":4},"end":{"line":11,"column":14}},"loc":{"start":{"line":11,"column":24},"end":{"line":11,"column":61}},"line":11},"4":{"name":"(anonymous_4)","decl":{"start":{"line":14,"column":2},"end":{"line":14,"column":18}},"loc":{"start":{"line":14,"column":18},"end":{"line":17,"column":6}},"line":14}},"branchMap":{"0":{"loc":{"start":{"line":7,"column":11},"end":{"line":7,"column":null}},"type":"cond-expr","locations":[{"start":{"line":7,"column":35},"end":{"line":7,"column":44}},{"start":{"line":7,"column":44},"end":{"line":7,"column":null}}],"line":7},"1":{"loc":{"start":{"line":11,"column":24},"end":{"line":11,"column":61}},"type":"cond-expr","locations":[{"start":{"line":11,"column":43},"end":{"line":11,"column":52}},{"start":{"line":11,"column":52},"end":{"line":11,"column":61}}],"line":11}},"s":{"0":22,"1":19,"2":19,"3":22,"4":2,"5":2,"6":22,"7":21,"8":21,"9":22},"f":{"0":22,"1":19,"2":2,"3":2,"4":21},"b":{"0":[3,16],"1":[1,1]},"meta":{"lastBranch":2,"lastFunction":5,"lastStatement":10,"seen":{"f:4:16:4:30":0,"s:5:16:8:Infinity":0,"f:5:28:5:61":1,"s:6:23:6:56":1,"s:7:4:7:Infinity":2,"b:7:35:7:44:7:44:7:Infinity":0,"s:10:8:11:Infinity":3,"f:10:8:10:28":2,"s:11:4:11:Infinity":4,"f:11:4:11:14":3,"s:11:24:11:61":5,"b:11:43:11:52:11:52:11:61":1,"s:14:2:17:Infinity":6,"f:14:2:14:18":4,"s:15:4:15:Infinity":7,"s:16:4:16:Infinity":8,"s:19:2:22:Infinity":9}}}
,"C:\\Users\\ypa\\Desktop\\ReactRS\\React2026Q2_tasks\\src\\hooks\\useLocalStorage.ts": {"path":"C:\\Users\\ypa\\Desktop\\ReactRS\\React2026Q2_tasks\\src\\hooks\\useLocalStorage.ts","statementMap":{"0":{"start":{"line":4,"column":22},"end":{"line":11,"column":null}},"1":{"start":{"line":5,"column":4},"end":{"line":9,"column":null}},"2":{"start":{"line":6,"column":19},"end":{"line":6,"column":44}},"3":{"start":{"line":7,"column":6},"end":{"line":7,"column":null}},"4":{"start":{"line":9,"column":6},"end":{"line":9,"column":null}},"5":{"start":{"line":13,"column":8},"end":{"line":20,"column":11}},"6":{"start":{"line":14,"column":4},"end":{"line":14,"column":null}},"7":{"start":{"line":15,"column":4},"end":{"line":18,"column":null}},"8":{"start":{"line":16,"column":6},"end":{"line":16,"column":null}},"9":{"start":{"line":18,"column":6},"end":{"line":18,"column":null}},"10":{"start":{"line":22,"column":2},"end":{"line":22,"column":null}}},"fnMap":{"0":{"name":"useLocalStorage","decl":{"start":{"line":3,"column":9},"end":{"line":3,"column":25}},"loc":{"start":{"line":3,"column":95},"end":{"line":22,"column":null}},"line":3},"1":{"name":"(anonymous_1)","decl":{"start":{"line":4,"column":40},"end":{"line":4,"column":63}},"loc":{"start":{"line":4,"column":63},"end":{"line":11,"column":null}},"line":4},"2":{"name":"(anonymous_2)","decl":{"start":{"line":13,"column":19},"end":{"line":13,"column":32}},"loc":{"start":{"line":13,"column":50},"end":{"line":20,"column":6}},"line":13}},"branchMap":{"0":{"loc":{"start":{"line":7,"column":13},"end":{"line":7,"column":null}},"type":"cond-expr","locations":[{"start":{"line":7,"column":29},"end":{"line":7,"column":36}},{"start":{"line":7,"column":36},"end":{"line":7,"column":null}}],"line":7}},"s":{"0":113,"1":26,"2":26,"3":26,"4":0,"5":113,"6":8,"7":8,"8":8,"9":0,"10":113},"f":{"0":113,"1":26,"2":8},"b":{"0":[5,21]},"meta":{"lastBranch":1,"lastFunction":3,"lastStatement":11,"seen":{"f:3:9:3:25":0,"s:4:22:11:Infinity":0,"f:4:40:4:63":1,"s:5:4:9:Infinity":1,"s:6:19:6:44":2,"s:7:6:7:Infinity":3,"b:7:29:7:36:7:36:7:Infinity":0,"s:9:6:9:Infinity":4,"s:13:8:20:11":5,"f:13:19:13:32":2,"s:14:4:14:Infinity":6,"s:15:4:18:Infinity":7,"s:16:6:16:Infinity":8,"s:18:6:18:Infinity":9,"s:22:2:22:Infinity":10}}}
,"C:\\Users\\ypa\\Desktop\\ReactRS\\React2026Q2_tasks\\src\\hooks\\useTheme.ts": {"path":"C:\\Users\\ypa\\Desktop\\ReactRS\\React2026Q2_tasks\\src\\hooks\\useTheme.ts","statementMap":{"0":{"start":{"line":5,"column":8},"end":{"line":5,"column":42}},"1":{"start":{"line":6,"column":2},"end":{"line":7,"column":null}},"2":{"start":{"line":7,"column":4},"end":{"line":7,"column":null}},"3":{"start":{"line":9,"column":2},"end":{"line":9,"column":null}}},"fnMap":{"0":{"name":"useTheme","decl":{"start":{"line":4,"column":16},"end":{"line":4,"column":27}},"loc":{"start":{"line":4,"column":27},"end":{"line":9,"column":null}},"line":4}},"branchMap":{"0":{"loc":{"start":{"line":6,"column":2},"end":{"line":7,"column":null}},"type":"if","locations":[{"start":{"line":6,"column":2},"end":{"line":7,"column":null}},{"start":{},"end":{}}],"line":6}},"s":{"0":25,"1":25,"2":2,"3":22},"f":{"0":25},"b":{"0":[2,23]},"meta":{"lastBranch":1,"lastFunction":1,"lastStatement":4,"seen":{"f:4:16:4:27":0,"s:5:8:5:42":0,"b:6:2:7:Infinity:undefined:undefined:undefined:undefined":0,"s:6:2:7:Infinity":1,"s:7:4:7:Infinity":2,"s:9:2:9:Infinity":3}}}
,"C:\\Users\\ypa\\Desktop\\ReactRS\\React2026Q2_tasks\\src\\hooks\\api\\usePokemonDetails.ts": {"path":"C:\\Users\\ypa\\Desktop\\ReactRS\\React2026Q2_tasks\\src\\hooks\\api\\usePokemonDetails.ts","statementMap":{"0":{"start":{"line":21,"column":19},"end":{"line":22,"column":null}},"1":{"start":{"line":24,"column":2},"end":{"line":25,"column":null}},"2":{"start":{"line":25,"column":4},"end":{"line":25,"column":null}},"3":{"start":{"line":27,"column":2},"end":{"line":27,"column":null}},"4":{"start":{"line":31,"column":2},"end":{"line":36,"column":null}},"5":{"start":{"line":33,"column":19},"end":{"line":33,"column":50}}},"fnMap":{"0":{"name":"fetchPokemonDetails","decl":{"start":{"line":18,"column":15},"end":{"line":18,"column":null}},"loc":{"start":{"line":20,"column":27},"end":{"line":27,"column":null}},"line":20},"1":{"name":"usePokemonDetails","decl":{"start":{"line":30,"column":16},"end":{"line":30,"column":34}},"loc":{"start":{"line":30,"column":65},"end":{"line":36,"column":null}},"line":30},"2":{"name":"(anonymous_2)","decl":{"start":{"line":33,"column":4},"end":{"line":33,"column":19}},"loc":{"start":{"line":33,"column":19},"end":{"line":33,"column":50}},"line":33}},"branchMap":{"0":{"loc":{"start":{"line":24,"column":2},"end":{"line":25,"column":null}},"type":"if","locations":[{"start":{"line":24,"column":2},"end":{"line":25,"column":null}},{"start":{},"end":{}}],"line":24}},"s":{"0":7,"1":5,"2":2,"3":3,"4":14,"5":7},"f":{"0":7,"1":14,"2":7},"b":{"0":[2,3]},"meta":{"lastBranch":1,"lastFunction":3,"lastStatement":6,"seen":{"f:18:15:18:Infinity":0,"s:21:19:22:Infinity":0,"b:24:2:25:Infinity:undefined:undefined:undefined:undefined":0,"s:24:2:25:Infinity":1,"s:25:4:25:Infinity":2,"s:27:2:27:Infinity":3,"f:30:16:30:34":1,"s:31:2:36:Infinity":4,"f:33:4:33:19":2,"s:33:19:33:50":5}}}
,"C:\\Users\\ypa\\Desktop\\ReactRS\\React2026Q2_tasks\\src\\hooks\\api\\usePokemonList.ts": {"path":"C:\\Users\\ypa\\Desktop\\ReactRS\\React2026Q2_tasks\\src\\hooks\\api\\usePokemonList.ts","statementMap":{"0":{"start":{"line":5,"column":2},"end":{"line":8,"column":null}},"1":{"start":{"line":7,"column":4},"end":{"line":7,"column":null}}},"fnMap":{"0":{"name":"usePokemonList","decl":{"start":{"line":4,"column":16},"end":{"line":4,"column":31}},"loc":{"start":{"line":4,"column":59},"end":{"line":8,"column":null}},"line":4},"1":{"name":"(anonymous_1)","decl":{"start":{"line":7,"column":4},"end":{"line":7,"column":19}},"loc":{"start":{"line":7,"column":4},"end":{"line":7,"column":null}},"line":7}},"branchMap":{},"s":{"0":45,"1":16},"f":{"0":45,"1":16},"b":{},"meta":{"lastBranch":0,"lastFunction":2,"lastStatement":2,"seen":{"f:4:16:4:31":0,"s:5:2:8:Infinity":0,"f:7:4:7:19":1,"s:7:4:7:Infinity":1}}}
,"C:\\Users\\ypa\\Desktop\\ReactRS\\React2026Q2_tasks\\src\\pages\\AboutPage.tsx": {"path":"C:\\Users\\ypa\\Desktop\\ReactRS\\React2026Q2_tasks\\src\\pages\\AboutPage.tsx","statementMap":{"0":{"start":{"line":4,"column":2},"end":{"line":33,"column":null}}},"fnMap":{"0":{"name":"AboutPage","decl":{"start":{"line":3,"column":9},"end":{"line":3,"column":21}},"loc":{"start":{"line":3,"column":21},"end":{"line":33,"column":null}},"line":3}},"branchMap":{},"s":{"0":5},"f":{"0":5},"b":{},"meta":{"lastBranch":0,"lastFunction":1,"lastStatement":1,"seen":{"f:3:9:3:21":0,"s:4:2:33:Infinity":0}}}
,"C:\\Users\\ypa\\Desktop\\ReactRS\\React2026Q2_tasks\\src\\pages\\DetailsPage.tsx": {"path":"C:\\Users\\ypa\\Desktop\\ReactRS\\React2026Q2_tasks\\src\\pages\\DetailsPage.tsx","statementMap":{"0":{"start":{"line":7,"column":10},"end":{"line":7,"column":58}},"1":{"start":{"line":8,"column":8},"end":{"line":8,"column":32}},"2":{"start":{"line":9,"column":9},"end":{"line":9,"column":42}},"3":{"start":{"line":10,"column":36},"end":{"line":10,"column":74}},"4":{"start":{"line":12,"column":2},"end":{"line":16,"column":null}},"5":{"start":{"line":13,"column":4},"end":{"line":14,"column":null}},"6":{"start":{"line":14,"column":6},"end":{"line":14,"column":null}},"7":{"start":{"line":18,"column":8},"end":{"line":20,"column":null}},"8":{"start":{"line":19,"column":17},"end":{"line":19,"column":null}},"9":{"start":{"line":20,"column":4},"end":{"line":20,"column":null}},"10":{"start":{"line":23,"column":2},"end":{"line":24,"column":null}},"11":{"start":{"line":24,"column":4},"end":{"line":24,"column":null}},"12":{"start":{"line":27,"column":2},"end":{"line":55,"column":null}},"13":{"start":{"line":53,"column":38},"end":{"line":53,"column":50}}},"fnMap":{"0":{"name":"DetailsPage","decl":{"start":{"line":6,"column":9},"end":{"line":6,"column":23}},"loc":{"start":{"line":6,"column":23},"end":{"line":55,"column":null}},"line":6},"1":{"name":"(anonymous_1)","decl":{"start":{"line":12,"column":2},"end":{"line":12,"column":18}},"loc":{"start":{"line":12,"column":18},"end":{"line":16,"column":6}},"line":12},"2":{"name":"(anonymous_2)","decl":{"start":{"line":18,"column":8},"end":{"line":18,"column":28}},"loc":{"start":{"line":18,"column":28},"end":{"line":20,"column":null}},"line":18},"3":{"name":"(anonymous_3)","decl":{"start":{"line":53,"column":27},"end":{"line":53,"column":32}},"loc":{"start":{"line":53,"column":38},"end":{"line":53,"column":50}},"line":53}},"branchMap":{"0":{"loc":{"start":{"line":13,"column":4},"end":{"line":14,"column":null}},"type":"if","locations":[{"start":{"line":13,"column":4},"end":{"line":14,"column":null}},{"start":{},"end":{}}],"line":13},"1":{"loc":{"start":{"line":19,"column":17},"end":{"line":19,"column":null}},"type":"binary-expr","locations":[{"start":{"line":19,"column":17},"end":{"line":19,"column":41}},{"start":{"line":19,"column":45},"end":{"line":19,"column":null}}],"line":19},"2":{"loc":{"start":{"line":23,"column":2},"end":{"line":24,"column":null}},"type":"if","locations":[{"start":{"line":23,"column":2},"end":{"line":24,"column":null}},{"start":{},"end":{}}],"line":23},"3":{"loc":{"start":{"line":33,"column":7},"end":{"line":33,"column":null}},"type":"binary-expr","locations":[{"start":{"line":33,"column":7},"end":{"line":33,"column":20}},{"start"
[...]
,"column":2},"end":{"line":33,"column":null}},"35":{"start":{"line":33,"column":18},"end":{"line":33,"column":null}},"36":{"start":{"line":34,"column":2},"end":{"line":34,"column":null}},"37":{"start":{"line":34,"column":18},"end":{"line":34,"column":null}},"38":{"start":{"line":35,"column":2},"end":{"line":35,"column":null}}},"fnMap":{"0":{"name":"(anonymous_0)","decl":{"start":{"line":1,"column":13},"end":{"line":1,"column":32}},"loc":{"start":{"line":1,"column":64},"end":{"line":7,"column":null}},"line":1},"1":{"name":"(anonymous_1)","decl":{"start":{"line":2,"column":13},"end":{"line":2,"column":22}},"loc":{"start":{"line":2,"column":42},"end":{"line":7,"column":null}},"line":2},"2":{"name":"(anonymous_2)","decl":{"start":{"line":4,"column":11},"end":{"line":4,"column":26}},"loc":{"start":{"line":4,"column":26},"end":{"line":4,"column":58}},"line":4},"3":{"name":"(anonymous_3)","decl":{"start":{"line":5,"column":11},"end":{"line":5,"column":27}},"loc":{"start":{"line":5,"column":27},"end":{"line":5,"column":70}},"line":5},"4":{"name":"(anonymous_4)","decl":{"start":{"line":10,"column":13},"end":{"line":10,"column":36}},"loc":{"start":{"line":10,"column":65},"end":{"line":35,"column":null}},"line":10}},"branchMap":{"0":{"loc":{"start":{"line":11,"column":2},"end":{"line":11,"column":null}},"type":"if","locations":[{"start":{"line":11,"column":2},"end":{"line":11,"column":null}},{"start":{},"end":{}}],"line":11},"1":{"loc":{"start":{"line":14,"column":2},"end":{"line":14,"column":null}},"type":"if","locations":[{"start":{"line":14,"column":2},"end":{"line":14,"column":null}},{"start":{},"end":{}}],"line":14},"2":{"loc":{"start":{"line":22,"column":4},"end":{"line":25,"column":null}},"type":"if","locations":[{"start":{"line":22,"column":4},"end":{"line":25,"column":null}},{"start":{"line":23,"column":13},"end":{"line":25,"column":null}}],"line":22},"3":{"loc":{"start":{"line":22,"column":8},"end":{"line":22,"column":36}},"type":"binary-expr","locations":[{"start":{"line":22,"column":8},"end":{"line":22,"column":23}},{"start":{"line":22,"column":23},"end":{"line":22,"column":36}}],"line":22},"4":{"loc":{"start":{"line":23,"column":13},"end":{"line":25,"column":null}},"type":"if","locations":[{"start":{"line":23,"column":13},"end":{"line":25,"column":null}},{"start":{"line":24,"column":13},"end":{"line":25,"column":null}}],"line":23},"5":{"loc":{"start":{"line":23,"column":13},"end":{"line":23,"column":41}},"type":"binary-expr","locations":[{"start":{"line":23,"column":13},"end":{"line":23,"column":28}},{"start":{"line":23,"column":28},"end":{"line":23,"column":41}}],"line":23},"6":{"loc":{"start":{"line":24,"column":13},"end":{"line":25,"column":null}},"type":"if","locations":[{"start":{"line":24,"column":13},"end":{"line":25,"column":null}},{"start":{"line":25,"column":9},"end":{"line":25,"column":null}}],"line":24},"7":{"loc":{"start":{"line":24,"column":13},"end":{"line":24,"column":41}},"type":"binary-expr","locations":[{"start":{"line":24,"column":13},"end":{"line":24,"column":28}},{"start":{"line":24,"column":28},"end":{"line":24,"column":41}}],"line":24},"8":{"loc":{"start":{"line":28,"column":2},"end":{"line":28,"column":null}},"type":"if","locations":[{"start":{"line":28,"column":2},"end":{"line":28,"column":null}},{"start":{},"end":{}}],"line":28},"9":{"loc":{"start":{"line":29,"column":2},"end":{"line":29,"column":null}},"type":"if","locations":[{"start":{"line":29,"column":2},"end":{"line":29,"column":null}},{"start":{},"end":{}}],"line":29},"10":{"loc":{"start":{"line":30,"column":2},"end":{"line":30,"column":null}},"type":"if","locations":[{"start":{"line":30,"column":2},"end":{"line":30,"column":null}},{"start":{},"end":{}}],"line":30},"11":{"loc":{"start":{"line":31,"column":2},"end":{"line":31,"column":null}},"type":"if","locations":[{"start":{"line":31,"column":2},"end":{"line":31,"column":null}},{"start":{},"end":{}}],"line":31},"12":{"loc":{"start":{"line":33,"column":2},"end":{"line":33,"column":null}},"type":"if","locations":[{"start":{"line":33,"column":2},"end":{"line":33,"column":null}},{"start":{},"end":{}}],"line":33},"13":{"loc":{"start":{"line":34,"column":2},"end":{"line":34,"column":null}},"type":"if","locations":[{"start":{"line":34,"column":2},"end":{"line":34,"column":null}},{"start":{},"end":{}}],"line":34}},"s":{"0":4,"1":2,"2":2,"3":2,"4":1,"5":2,"6":1,"7":2,"8":4,"9":26,"10":1,"11":25,"12":25,"13":10,"14":25,"15":25,"16":25,"17":25,"18":25,"19":139,"20":29,"21":110,"22":81,"23":29,"24":15,"25":14,"26":25,"27":22,"28":25,"29":19,"30":25,"31":8,"32":25,"33":5,"34":25,"35":17,"36":8,"37":8,"38":4},"f":{"0":2,"1":2,"2":1,"3":1,"4":26},"b":{"0":[1,25],"1":[10,15],"2":[29,110],"3":[139,111],"4":[81,29],"5":[110,81],"6":[15,14],"7":[29,17],"8":[22,3],"9":[19,6],"10":[8,17],"11":[5,20],"12":[17,8],"13":[4,4]},"meta":{"lastBranch":14,"lastFunction":5,"lastStatement":39,"seen":{"s:1:13:7:Infinity":0,"f:1:13:1:32":0,"s:2:2:7:Infinity":1,"f:2:13:2:22":1,"s:3:19:3:35":2,"s:4:4:4:Infinity":3,"f:4:11:4:26":2,"s:4:26:4:58":4,"s:5:4:5:Infinity":5,"f:5:11:5:27":3,"s:5:27:5:70":6,"s:6:4:6:Infinity":7,"s:10:13:35:Infinity":8,"f:10:13:10:36":4,"b:11:2:11:Infinity:undefined:undefined:undefined:undefined":0,"s:11:2:11:Infinity":9,"s:11:29:11:Infinity":10,"s:13:14:13:Infinity":11,"b:14:2:14:Infinity:undefined:undefined:undefined:undefined":1,"s:14:2:14:Infinity":12,"s:14:28:14:Infinity":13,"s:16:17:16:Infinity":14,"s:17:17:17:Infinity":15,"s:18:17:18:Infinity":16,"s:19:19:19:Infinity":17,"s:21:2:25:Infinity":18,"b:22:4:25:Infinity:23:13:25:Infinity":2,"s:22:4:25:Infinity":19,"b:22:8:22:23:22:23:22:36":3,"s:22:36:22:Infinity":20,"b:23:13:25:Infinity:24:13:25:Infinity":4,"s:23:13:25:Infinity":21,"b:23:13:23:28:23:28:23:41":5,"s:23:41:23:Infinity":22,"b:24:13:25:Infinity:25:9:25:Infinity":6,"s:24:13:25:Infinity":23,"b:24:13:24:28:24:28:24:41":7,"s:24:41:24:Infinity":24,"s:25:9:25:Infinity":25,"b:28:2:28:Infinity:undefined:undefined:undefined:undefined":8,"s:28:2:28:Infinity":26,"s:28:16:28:Infinity":27,"b:29:2:29:Infinity:undefined:undefined:undefined:undefined":9,"s:29:2:29:Infinity":28,"s:29:16:29:Infinity":29,"b:30:2:30:Infinity:undefined:undefined:undefined:undefined":10,"s:30:2:30:Infinity":30,"s:30:16:30:Infinity":31,"b:31:2:31:Infinity:undefined:undefined:undefined:undefined":11,"s:31:2:31:Infinity":32,"s:31:18:31:Infinity":33,"b:33:2:33:Infinity:undefined:undefined:undefined:undefined":12,"s:33:2:33:Infinity":34,"s:33:18:33:Infinity":35,"b:34:2:34:Infinity:undefined:undefined:undefined:undefined":13,"s:34:2:34:Infinity":36,"s:34:18:34:Infinity":37,"s:35:2:35:Infinity":38}}}
,"C:\\Users\\ypa\\Desktop\\ReactRS\\React2026Q2_tasks\\src\\validation\\formSchema.ts": {"path":"C:\\Users\\ypa\\Desktop\\ReactRS\\React2026Q2_tasks\\src\\validation\\formSchema.ts","statementMap":{"0":{"start":{"line":3,"column":6},"end":{"line":13,"column":null}},"1":{"start":{"line":4,"column":2},"end":{"line":4,"column":null}},"2":{"start":{"line":4,"column":38},"end":{"line":4,"column":null}},"3":{"start":{"line":5,"column":16},"end":{"line":5,"column":32}},"4":{"start":{"line":6,"column":2},"end":{"line":6,"column":null}},"5":{"start":{"line":6,"column":26},"end":{"line":6,"column":null}},"6":{"start":{"line":7,"column":30},"end":{"line":7,"column":null}},"7":{"start":{"line":8,"column":2},"end":{"line":8,"column":null}},"8":{"start":{"line":8,"column":30},"end":{"line":8,"column":null}},"9":{"start":{"line":9,"column":2},"end":{"line":9,"column":null}},"10":{"start":{"line":9,"column":29},"end":{"line":9,"column":null}},"11":{"start":{"line":10,"column":22},"end":{"line":10,"column":39}},"12":{"start":{"line":11,"column":19},"end":{"line":11,"column":null}},"13":{"start":{"line":12,"column":2},"end":{"line":12,"column":null}},"14":{"start":{"line":12,"column":27},"end":{"line":12,"column":null}},"15":{"start":{"line":13,"column":2},"end":{"line":13,"column":null}},"16":{"start":{"line":16,"column":6},"end":{"line":21,"column":null}},"17":{"start":{"line":17,"column":2},"end":{"line":17,"column":null}},"18":{"start":{"line":17,"column":12},"end":{"line":17,"column":null}},"19":{"start":{"line":18,"column":2},"end":{"line":19,"column":null}},"20":{"start":{"line":19,"column":4},"end":{"line":19,"column":null}},"21":{"start":{"line":19,"column":36},"end":{"line":19,"column":null}},"22":{"start":{"line":21,"column":2},"end":{"line":21,"column":null}},"23":{"start":{"line":24,"column":6},"end":{"line":29,"column":null}},"24":{"start":{"line":25,"column":2},"end":{"line":25,"column":null}},"25":{"start":{"line":25,"column":12},"end":{"line":25,"column":null}},"26":{"start":{"line":26,"column":2},"end":{"line":27,"column":null}},"27":{"start":{"line":27,"column":4},"end":{"line":27,"column":null}},"28":{"start":{"line":27,"column":36},"end":{"line":27,"column":null}},"29":{"start":{"line":29,"column":2},"end":{"line":29,"column":null}},"30":{"start":{"line":32,"column":6},"end":{"line":37,"column":null}},"31":{"start":{"line":33,"column":2},"end":{"line":33,"column":null}},"32":{"start":{"line":33,"column":12},"end":{"line":33,"column":null}},"33":{"start":{"line":34,"column":2},"end":{"line":35,"column":null}},"34":{"start":{"line":35,"column":4},"end":{"line":35,"column":null}},"35":{"start":{"line":35,"column":36},"end":{"line":35,"column":null}},"36":{"start":{"line":37,"column":2},"end":{"line":37,"column":null}},"37":{"start":{"line":40,"column":6},"end":{"line":46,"column":null}},"38":{"start":{"line":41,"column":2},"end":{"line":41,"column":null}},"39":{"start":{"line":41,"column":12},"end":{"line":41,"column":null}},"40":{"start":{"line":42,"column":18},"end":{"line":42,"column":null}},"41":{"start":{"line":43,"column":2},"end":{"line":44,"column":null}},"42":{"start":{"line":44,"column":4},"end":{"line":44,"column":null}},"43":{"start":{"line":44,"column":32},"end":{"line":44,"column":null}},"44":{"start":{"line":46,"column":2},"end":{"line":46,"column":null}},"45":{"start":{"line":49,"column":6},"end":{"line":51,"column":null}},"46":{"start":{"line":50,"column":2},"end":{"line":50,"column":null}},"47":{"start":{"line":50,"column":32},"end":{"line":50,"column":null}},"48":{"start":{"line":51,"column":2},"end":{"line":51,"column":null}},"49":{"start":{"line":54,"column":26},"end":{"line":102,"column":4}},"50":{"start":{"line":81,"column":18},"end":{"line":81,"column":null}},"51":{"start":{"line":85,"column":18},"end":{"line":85,"column":null}},"52":{"start":{"line":88,"column":24},"end":{"line":88,"column":39}},"53":{"start":{"line":99,"column":20},"end":{"line":99,"column":60}}},"fnMap":{"0":{"name":"(anonymous_0)","decl":{"start":{"line":3,"column":6},"end":{"line":3,"column":23}},"loc":{"start":{"line":3,"column":50},"end":{"line":13,"column":null}},"line":3},"1":{"name":"(anonymous_1)","decl":{"start":{"line":16,"column":6},"end":{"line":16,"column":22}},"loc":{"start":{"line":16,"column":47},"end":{"line":21,"column":null}},"line":16},"2":{"name":"(anonymous_2)","decl":{"start":{"line":24,"column":6},"end":{"line":24,"column":22}},"loc":{"start":{"line":24,"column":47},"end":{"line":29,"column":null}},"line":24},"3":{"name":"(anonymous_3)","decl":{"start":{"line":32,"column":6},"end":{"line":32,"column":18}},"loc":{"start":{"line":32,"column":43},"end":{"line":37,"column":null}},"line":32},"4":{"name":"(anonymous_4)","decl":{"start":{"line":40,"column":6},"end":{"line":40,"column":24}},"loc":{"start":{"line":40,"column":49},"end":{"line":46,"column":null}},"line":40},"5":{"name":"(anonymous_5)","decl":{"start":{"line":49,"column":6},"end":{"line":49,"column":22}},"loc":{"start":{"line":49,"column":47},"end":{"line":51,"column":null}},"line":49},"6":{"name":"(anonymous_6)","decl":{"start":{"line":80,"column":7},"end":{"line":80,"column":null}},"loc":{"start":{"line":81,"column":18},"end":{"line":81,"column":null}},"line":81},"7":{"name":"(anonymous_7)","decl":{"start":{"line":84,"column":7},"end":{"line":84,"column":null}},"loc":{"start":{"line":85,"column":18},"end":{"line":85,"column":null}},"line":85},"8":{"name":"(anonymous_8)","decl":{"start":{"line":88,"column":7},"end":{"line":88,"column":15}},"loc":{"start":{"line":88,"column":24},"end":{"line":88,"column":39}},"line":88},"9":{"name":"(anonymous_9)","decl":{"start":{"line":99,"column":3},"end":{"line":99,"column":11}},"loc":{"start":{"line":99,"column":20},"end":{"line":99,"column":60}},"line":99}},"branchMap":{"0":{"loc":{"start":{"line":4,"column":2},"end":{"line":4,"column":null}},"type":"if","locations":[{"start":{"line":4,"column":2},"end":{"line":4,"column":null}},{"start":{},"end":{}}],"line":4},"1":{"loc":{"start":{"line":4,"column":6},"end":{"line":4,"column":36}},"type":"binary-expr","locations":[{"start":{"line":4,"column":6},"end":{"line":4,"column":16}},{"start":{"line":4,"column":16},"end":{"line":4,"column":36}}],"line":4},"2":{"loc":{"start":{"line":6,"column":2},"end":{"line":6,"column":null}},"type":"if","locations":[{"start":{"line":6,"column":2},"end":{"line":6,"column":null}},{"start":{},"end":{}}],"line":6},"3":{"loc":{"start":{"line":8,"column":2},"end":{"line":8,"column":null}},"type":"if","locations":[{"start":{"line":8,"column":2},"end":{"line":8,"column":null}},{"start":{},"end":{}}],"line":8},"4":{"loc":{"start":{"line":9,"column":2},"end":{"line":9,"column":null}},"type":"if","locations":[{"start":{"line":9,"column":2},"end":{"line":9,"column":null}},{"start":{},"end":{}}],"line":9},"5":{"loc":{"start":{"line":12,"column":2},"end":{"line":12,"column":null}},"type":"if","locations":[{"start":{"line":12,"column":2},"end":{"line":12,"column":null}},{"start":{},"end":{}}],"line":12},"6":{"loc":{"start":{"line":17,"column":2},"end":{"line":17,"column":null}},"type":"if","locations":[{"start":{"line":17,"column":2},"end":{"line":17,"column":null}},{"start":{},"end":{}}],"line":17},"7":{"loc":{"start":{"line":19,"column":4},"end":{"line":19,"column":null}},"type":"if","locations":[{"start":{"line":19,"column":4},"end":{"line":19,"column":null}},{"start":{},"end":{}}],"line":19},"8":{"loc":{"start":{"line":19,"column":8},"end":{"line":19,"column":36}},"type":"binary-expr","locations":[{"start":{"line":19,"column":8},"end":{"line":19,"column":23}},{"start":{"line":19,"column":23},"end":{"line":19,"column":36}}],"line":19},"9":{"loc":{"start":{"line":25,"column":2},"end":{"line":25,"column":null}},"type":"if","locations":[{"start":{"line":25,"column":2},"end":{"line":25,"column":null}},{"start":{},"end":{}}],"line":25},"10":{"loc":{"start":{"line":27,"column":4},"end":{"line":27,"column":null}},"type":"if","locations":[{"start":{"line":27,"column":4},"end":{"line":27,"column":null}},{"start":{},"end":{}}],"line":27},"11":{"loc":{"start":{"line":27,"column":8},"end":{"line":27,"column":36}},"type":"binary-expr","locations":[{"start":{"line":27,"column":8},"end":{"line":27,"column":23}},{"start":{"line":27,"column":23},"end":{"line":27,"column":36}}],"line":27},"12":{"loc":{"start":{"line":33,"column":2},"end":{"line":33,"column":null}},"type":"if","locations":[{"start":{"line":33,"column":2},"end":{"line":33,"column":null}},{"start":{},"end":{}}],"line":33},"13":{"loc":{"start":{"line":35,"column":4},"end":{"line":35,"column":null}},"type":"if","locations":[{"start":{"line":35,"column":4},"end":{"line":35,"column":null}},{"start":{},"end":{}}],"line":35},"14":{"loc":{"start":{"line":35,"column":8},"end":{"line":35,"column":36}},"type":"binary-expr","locations":[{"start":{"line":35,"column":8},"end":{"line":35,"column":23}},{"start":{"line":35,"column":23},"end":{"line":35,"column":36}}],"line":35},"15":{"loc":{"start":{"line":41,"column":2},"end":{"line":41,"column":null}},"type":"if","locations":[{"start":{"line":41,"column":2},"end":{"line":41,"column":null}},{"start":{},"end":{}}],"line":41},"16":{"loc":{"start":{"line":44,"column":4},"end":{"line":44,"column":null}},"type":"if","locations":[{"start":{"line":44,"column":4},"end":{"line":44,"column":null}},{"start":{},"end":{}}],"line":44},"17":{"loc":{"start":{"line":50,"column":2},"end":{"line":50,"column":null}},"type":"if","locations":[{"start":{"line":50,"column":2},"end":{"line":50,"column":null}},{"start":{},"end":{}}],"line":50},"18":{"loc":{"start":{"line":50,"column":6},"end":{"line":50,"column":32}},"type":"binary-expr","locations":[{"start":{"line":50,"column":6},"end":{"line":50,"column":14}},{"start":{"line":50,"column":14},"end":{"line":50,"column":32}}],"line":50},"19":{"loc":{"start":{"line":81,"column":18},"end":{"line":81,"column":null}},"type":"binary-expr","locations":[{"start":{"line":81,"column":18},"end":{"line":81,"column":47}},{"start":{"line":81,"column":47},"end":{"line":81,"column":null}}],"line":81}},"s":{"0":4,"1":68,"2":39,"3":29,"4":29,"5":0,"6":29,"7":29,"8":1,"9":28,"10":1,"11":27,"12":27,"13":27,"14":0,"15":27,"16":4,"17":68,"18":30,"19":38,"20":45,"21":37,"22":1,"23":4,"24":68,"25":30,"26":38,"27":80,"28":36,"29":2,"30":4,"31":68,"32":30,"33":38,"34":242,"35":31,"36":7,"37":4,"38":68,"39":30,"40":38,"41":38,"42":272,"43":30,"44":8,"45":4,"46":68,"47":37,"48":31,"49":4,"50":32,"51":32,"52":32,"53":27},"f":{"0":68,"1":68,"2":68,"3":68,"4":68,"5":68,"6":32,"7":32,"8":32,"9":27},"b":{"0":[39,29],"1":[68,38],"2":[0,29],"3":[1,28],"4":[1,27],"5":[0,27],"6":[30,38],"7":[37,8],"8":[45,43],"9":[30,38],"10":[36,44],"11":[80,36],"12":[30,38],"13":[31,211],"14":[242,241],"15":[30,38],"16":[30,242],"17":[37,31],"18":[68,31],"19":[32,4]},"meta":{"lastBranch":20,"lastFunction":10,"lastStatement":54,"seen":{"s:3:6:13:Infinity":0,"f:3:6:3:23":0,"b:4:2:4:Infinity:undefined:undefined:undefined:undefined":0,"s:4:2:4:Infinity":1,"b:4:6:4:16:4:16:4:36":1,"s:4:38:4:Infinity":2,"s:5:16:5:32":3,"b:6:2:6:Infinity:undefined:undefined:undefined:undefined":2,"s:6:2:6:Infinity":4,"s:6:26:6:Infinity":5,"s:7:30:7:Infinity":6,"b:8:2:8:Infinity:undefined:undefined:undefined:undefined":3,"s:8:2:8:Infinity":7,"s:8:30:8:Infinity":8,"b:9:2:9:Infinity:undefined:undefined:undefined:undefined":4,"s:9:2:9:Infinity":9,"s:9:29:9:Infinity":10,"s:10:22:10:39":11,"s:11:19:11:Infinity":12,"b:12:2:12:Infinity:undefined:undefined:undefined:undefined":5,"s:12:2:12:Infinity":13,"s:12:27:12:Infinity":14,"s:13:2:13:Infinity":15,"s:16:6:21:Infinity":16,"f:16:6:16:22":1,"b:17:2:17:Infinity:undefined:undefined:undefined:undefined":6,"s:17:2:17:Infinity":17,"s:17:12:17:Infinity":18,"s:18:2:19:Infinity":19,"b:19:4:19:Infinity:undefined:undefined:undefined:undefined":7,"s:19:4:19:Infinity":20,"b:19:8:19:23:19:23:19:36":8,"s:19:36:19:Infinity":21,"s:21:2:21:Infinity":22,"s:24:6:29:Infinity":23,"f:24:6:24:22":2,"b:25:2:25:Infinity:undefined:undefined:undefined:undefined":9,"s:25:2:25:Infinity":24,"s:25:12:25:Infinity":25,"s:26:2:27:Infinity":26,"b:27:4:27:Infinity:undefined:undefined:undefined:undefined":10,"s:27:4:27:Infinity":27,"b:27:8:27:23:27:23:27:36":11,"s:27:36:27:Infinity":28,"s:29:2:29:Infinity":29,"s:32:6:37:Infinity":30,"f:32:6:32:18":3,"b:33:2:33:Infinity:undefined:undefined:undefined:undefined":12,"s:33:2:33:Infinity":31,"s:33:12:33:Infinity":32,"s:34:2:35:Infinity":33,"b:35:4:35:Infinity:undefined:undefined:undefined:undefined":13,"s:35:4:35:Infinity":34,"b:35:8:35:23:35:23:35:36":14,"s:35:36:35:Infinity":35,"s:37:2:37:Infinity":36,"s:40:6:46:Infinity":37,"f:40:6:40:24":4,"b:41:2:41:Infinity:undefined:undefined:undefined:undefined":15,"s:41:2:41:Infinity":38,"s:41:12:41:Infinity":39,"s:42:18:42:Infinity":40,"s:43:2:44:Infinity":41,"b:44:4:44:Infinity:undefined:undefined:undefined:undefined":16,"s:44:4:44:Infinity":42,"s:44:32:44:Infinity":43,"s:46:2:46:Infinity":44,"s:49:6:51:Infinity":45,"f:49:6:49:22":5,"b:50:2:50:Infinity:undefined:undefined:undefined:undefined":17,"s:50:2:50:Infinity":46,"b:50:6:50:14:50:14:50:32":18,"s:50:32:50:Infinity":47,"s:51:2:51:Infinity":48,"s:54:26:102:4":49,"f:80:7:80:Infinity":6,"s:81:18:81:Infinity":50,"b:81:18:81:47:81:47:81:Infinity":19,"f:84:7:84:Infinity":7,"s:85:18:85:Infinity":51,"f:88:7:88:15":8,"s:88:24:88:39":52,"f:99:3:99:11":9,"s:99:20:99:60":53}}}
}
